This is pdfTeX, Version 3.141592653-2.6-1.40.26 (MiKTeX 24.4) (preloaded format=pdflatex 2025.3.31)  18 AUG 2025 13:39
entering extended mode
 restricted \write18 enabled.
 file:line:error style messages enabled.
 %&-line parsing enabled.
**"c:/Users/Admin/Documents/GitHub/Statistiek/examens/STAT_2 2025-07-25/exam_20250725.tex"
(c:/Users/Admin/Documents/GitHub/Statistiek/examens/STAT_2 2025-07-25/exam_20250725.tex
LaTeX2e <2024-06-01> patch level 2
L3 programming layer <2024-05-27>
(C:\Users\Admin\AppData\Local\Programs\MiKTeX\tex/latex/base\article.cls
Document Class: article 2024/02/08 v1.4n Standard LaTeX document class
(C:\Users\Admin\AppData\Local\Programs\MiKTeX\tex/latex/base\size12.clo
File: size12.clo 2024/02/08 v1.4n Standard LaTeX file (size option)
)
\c@part=\count194
\c@section=\count195
\c@subsection=\count196
\c@subsubsection=\count197
\c@paragraph=\count198
\c@subparagraph=\count199
\c@figure=\count266
\c@table=\count267
\abovecaptionskip=\skip49
\belowcaptionskip=\skip50
\bibindent=\dimen141
) (C:\Users\Admin\AppData\Local\Programs\MiKTeX\tex/latex/pdfpages\pdfpages.sty
Package: pdfpages 2025/03/12 v0.6f Insert pages of external PDF documents (AM)
 (C:\Users\Admin\AppData\Local\Programs\MiKTeX\tex/latex/base\ifthen.sty
Package: ifthen 2024/03/16 v1.1e Standard LaTeX ifthen package (DPC)
) (C:\Users\Admin\AppData\Local\Programs\MiKTeX\tex/latex/tools\calc.sty
Package: calc 2023/07/08 v4.3 Infix arithmetic (KKT,FJ)
\calc@Acount=\count268
\calc@Bcount=\count269
\calc@Adimen=\dimen142
\calc@Bdimen=\dimen143
\calc@Askip=\skip51
\calc@Bskip=\skip52
LaTeX Info: Redefining \setlength on input line 80.
LaTeX Info: Redefining \addtolength on input line 81.
\calc@Ccount=\count270
\calc@Cskip=\skip53
) (C:\Users\Admin\AppData\Local\Programs\MiKTeX\tex/latex/eso-pic\eso-pic.sty
Package: eso-pic 2023/05/03 v3.0c eso-pic (RN)
\ESO@tempdima=\dimen144
\ESO@tempdimb=\dimen145
 (C:\Users\Admin\AppData\Local\Programs\MiKTeX\tex/latex/graphics\keyval.sty
Package: keyval 2022/05/29 v1.15 key=value parser (DPC)
\KV@toks@=\toks17
) (C:\Users\Admin\AppData\Local\Programs\MiKTeX\tex/latex/xcolor\xcolor.sty
Package: xcolor 2023/11/15 v3.01 LaTeX color extensions (UK)
 (C:\Users\Admin\AppData\Local\Programs\MiKTeX\tex/latex/graphics-cfg\color.cfg
File: color.cfg 2016/01/02 v1.6 sample color configuration
)
Package xcolor Info: Driver file: pdftex.def on input line 274.
 (C:\Users\Admin\AppData\Local\Programs\MiKTeX\tex/latex/graphics-def\pdftex.def
File: pdftex.def 2024/04/13 v1.2c Graphics/color driver for pdftex
) (C:\Users\Admin\AppData\Local\Programs\MiKTeX\tex/latex/graphics\mathcolor.ltx)
Package xcolor Info: Model `cmy' substituted by `cmy0' on input line 1350.
Package xcolor Info: Model `hsb' substituted by `rgb' on input line 1354.
Package xcolor Info: Model `RGB' extended on input line 1366.
Package xcolor Info: Model `HTML' substituted by `rgb' on input line 1368.
Package xcolor Info: Model `Hsb' substituted by `hsb' on input line 1369.
Package xcolor Info: Model `tHsb' substituted by `hsb' on input line 1370.
Package xcolor Info: Model `HSB' substituted by `hsb' on input line 1371.
Package xcolor Info: Model `Gray' substituted by `gray' on input line 1372.
Package xcolor Info: Model `wave' substituted by `hsb' on input line 1373.
)) (C:\Users\Admin\AppData\Local\Programs\MiKTeX\tex/latex/etoolbox\etoolbox.sty
Package: etoolbox 2025/02/11 v2.5l e-TeX tools for LaTeX (JAW)
\etb@tempcnta=\count271
) (C:\Users\Admin\AppData\Local\Programs\MiKTeX\tex/latex/graphics\graphicx.sty
Package: graphicx 2021/09/16 v1.2d Enhanced LaTeX Graphics (DPC,SPQR)
 (C:\Users\Admin\AppData\Local\Programs\MiKTeX\tex/latex/graphics\graphics.sty
Package: graphics 2024/08/06 v1.4g Standard LaTeX Graphics (DPC,SPQR)
 (C:\Users\Admin\AppData\Local\Programs\MiKTeX\tex/latex/graphics\trig.sty
Package: trig 2023/12/02 v1.11 sin cos tan (DPC)
) (C:\Users\Admin\AppData\Local\Programs\MiKTeX\tex/latex/graphics-cfg\graphics.cfg
File: graphics.cfg 2016/06/04 v1.11 sample graphics configuration
)
Package graphics Info: Driver file: pdftex.def on input line 106.
)
\Gin@req@height=\dimen146
\Gin@req@width=\dimen147
)
\AM@pagewidth=\dimen148
\AM@pageheight=\dimen149
\AM@fboxrule=\dimen150
 (C:\Users\Admin\AppData\Local\Programs\MiKTeX\tex/latex/pdfpages\pppdftex.def
File: pppdftex.def 2025/03/12 v0.6f Pdfpages driver for pdfTeX (AM)
)
\pdfpages@includegraphics@status=\count272
\AM@pagebox=\box52
\AM@global@opts=\toks18
\AM@pagecnt=\count273
\AM@toc@title=\toks19
\AM@lof@heading=\toks20
\c@AM@survey=\count274
\AM@templatesizebox=\box53
) (C:/Users/Admin/Documents/GitHub/Statistiek/LaTeX/styles/exam_config.sty (C:/Users/Admin/Documents/GitHub/Statistiek/LaTeX/styles/config.sty (C:\Users\Admin\AppData\Local\Programs\MiKTeX\tex/latex/geometry\geometry.sty
Package: geometry 2020/01/02 v5.9 Page Geometry
 (C:\Users\Admin\AppData\Local\Programs\MiKTeX\tex/generic/iftex\ifvtex.sty
Package: ifvtex 2019/10/25 v1.7 ifvtex legacy package. Use iftex instead.
 (C:\Users\Admin\AppData\Local\Programs\MiKTeX\tex/generic/iftex\iftex.sty
Package: iftex 2024/12/12 v1.0g TeX engine tests
))
\Gm@cnth=\count275
\Gm@cntv=\count276
\c@Gm@tempcnt=\count277
\Gm@bindingoffset=\dimen151
\Gm@wd@mp=\dimen152
\Gm@odd@mp=\dimen153
\Gm@even@mp=\dimen154
\Gm@layoutwidth=\dimen155
\Gm@layoutheight=\dimen156
\Gm@layouthoffset=\dimen157
\Gm@layoutvoffset=\dimen158
\Gm@dimlist=\toks21
 (C:\Users\Admin\AppData\Local\Programs\MiKTeX\tex/latex/geometry\geometry.cfg)) (C:\Users\Admin\AppData\Local\Programs\MiKTeX\tex/latex/preprint\authblk.sty
Package: authblk 2001/02/27 1.3 (PWD)
\affilsep=\skip54
\@affilsep=\skip55
\c@Maxaffil=\count278
\c@authors=\count279
\c@affil=\count280
) (C:\Users\Admin\AppData\Local\Programs\MiKTeX\tex/generic/babel\babel.sty
Package: babel 2025/03/27 v25.6 The multilingual framework for pdfLaTeX, LuaLaTeX and XeLaTeX
\babel@savecnt=\count281
\U@D=\dimen159
\l@unhyphenated=\language79
 (C:\Users\Admin\AppData\Local\Programs\MiKTeX\tex/generic/babel\txtbabel.def)
\bbl@readstream=\read2
\bbl@dirlevel=\count282

*************************************
* Local config file bblopts.cfg used
*
(C:\Users\Admin\AppData\Local\Programs\MiKTeX\tex/latex/arabi\bblopts.cfg
File: bblopts.cfg 2005/09/08 v0.1 add Arabic and Farsi to "declared" options of babel
) (C:\Users\Admin\AppData\Local\Programs\MiKTeX\tex/latex/babel-dutch\dutch.ldf
Language: dutch 2021/08/29 v3.8l Dutch support from the babel system
Package babel Info: Making " an active character on input line 127.
)) (C:\Users\Admin\AppData\Local\Programs\MiKTeX\tex/generic/babel/locale/nl\babel-dutch.tex
Package babel Info: Importing font and identification data for dutch
(babel)             from babel-nl.ini. Reported on input line 11.
) (C:\Users\Admin\AppData\Local\Programs\MiKTeX\tex/latex/base\fontenc.sty
Package: fontenc 2021/04/29 v2.0v Standard LaTeX package
) (C:\Users\Admin\AppData\Local\Programs\MiKTeX\tex/latex/base\inputenc.sty
Package: inputenc 2024/02/08 v1.3d Input encoding file
\inpenc@prehook=\toks22
\inpenc@posthook=\toks23
) (C:\Users\Admin\AppData\Local\Programs\MiKTeX\tex/latex/url\url.sty
\Urlmuskip=\muskip17
Package: url 2013/09/16  ver 3.4  Verb mode for urls, etc.
) (C:\Users\Admin\AppData\Local\Programs\MiKTeX\tex/latex/psnfss\charter.sty
Package: charter 2020/03/25 PSNFSS-v9.3 (P.Dyballa) 
) (C:\Users\Admin\AppData\Local\Programs\MiKTeX\tex/latex/cantarell\cantarell.sty
Package: cantarell 2019/06/20 Style file for Cantarell.
 (C:\Users\Admin\AppData\Local\Programs\MiKTeX\tex/latex/fontaxes\fontaxes.sty
Package: fontaxes 2020/07/21 v1.0e Font selection axes
LaTeX Info: Redefining \upshape on input line 29.
LaTeX Info: Redefining \itshape on input line 31.
LaTeX Info: Redefining \slshape on input line 33.
LaTeX Info: Redefining \swshape on input line 35.
LaTeX Info: Redefining \scshape on input line 37.
LaTeX Info: Redefining \sscshape on input line 39.
LaTeX Info: Redefining \ulcshape on input line 41.
LaTeX Info: Redefining \textsw on input line 47.
LaTeX Info: Redefining \textssc on input line 48.
LaTeX Info: Redefining \textulc on input line 49.
) (C:\Users\Admin\AppData\Local\Programs\MiKTeX\tex/generic/iftex\ifluatex.sty
Package: ifluatex 2019/10/25 v1.5 ifluatex legacy package. Use iftex instead.
) (C:\Users\Admin\AppData\Local\Programs\MiKTeX\tex/generic/iftex\ifxetex.sty
Package: ifxetex 2019/10/25 v0.7 ifxetex legacy package. Use iftex instead.
) (C:\Users\Admin\AppData\Local\Programs\MiKTeX\tex/latex/xkeyval\xkeyval.sty
Package: xkeyval 2022/06/16 v2.9 package option processing (HA)
 (C:\Users\Admin\AppData\Local\Programs\MiKTeX\tex/generic/xkeyval\xkeyval.tex (C:\Users\Admin\AppData\Local\Programs\MiKTeX\tex/generic/xkeyval\xkvutils.tex
\XKV@toks=\toks24
\XKV@tempa@toks=\toks25
)
\XKV@depth=\count283
File: xkeyval.tex 2014/12/03 v2.7a key=value parser (HA)
))) (C:\Users\Admin\AppData\Local\Programs\MiKTeX\tex/latex/parskip\parskip.sty
Package: parskip 2021-03-14 v2.0h non-zero parskip adjustments
 (C:\Users\Admin\AppData\Local\Programs\MiKTeX\tex/latex/kvoptions\kvoptions.sty
Package: kvoptions 2022-06-15 v3.15 Key value format for package options (HO)
 (C:\Users\Admin\AppData\Local\Programs\MiKTeX\tex/generic/ltxcmds\ltxcmds.sty
Package: ltxcmds 2023-12-04 v1.26 LaTeX kernel commands for general use (HO)
) (C:\Users\Admin\AppData\Local\Programs\MiKTeX\tex/latex/kvsetkeys\kvsetkeys.sty
Package: kvsetkeys 2022-10-05 v1.19 Key value parser (HO)
))) (C:\Users\Admin\AppData\Local\Programs\MiKTeX\tex/latex/amsmath\amsmath.sty
Package: amsmath 2024/11/05 v2.17t AMS math features
\@mathmargin=\skip56

For additional information on amsmath, use the `?' option.
(C:\Users\Admin\AppData\Local\Programs\MiKTeX\tex/latex/amsmath\amstext.sty
Package: amstext 2021/08/26 v2.01 AMS text
 (C:\Users\Admin\AppData\Local\Programs\MiKTeX\tex/latex/amsmath\amsgen.sty
File: amsgen.sty 1999/11/30 v2.0 generic functions
\@emptytoks=\toks26
\ex@=\dimen160
)) (C:\Users\Admin\AppData\Local\Programs\MiKTeX\tex/latex/amsmath\amsbsy.sty
Package: amsbsy 1999/11/29 v1.2d Bold Symbols
\pmbraise@=\dimen161
) (C:\Users\Admin\AppData\Local\Programs\MiKTeX\tex/latex/amsmath\amsopn.sty
Package: amsopn 2022/04/08 v2.04 operator names
)
\inf@bad=\count284
LaTeX Info: Redefining \frac on input line 233.
\uproot@=\count285
\leftroot@=\count286
LaTeX Info: Redefining \overline on input line 398.
LaTeX Info: Redefining \colon on input line 409.
\classnum@=\count287
\DOTSCASE@=\count288
LaTeX Info: Redefining \ldots on input line 495.
LaTeX Info: Redefining \dots on input line 498.
LaTeX Info: Redefining \cdots on input line 619.
\Mathstrutbox@=\box54
\strutbox@=\box55
LaTeX Info: Redefining \big on input line 721.
LaTeX Info: Redefining \Big on input line 722.
LaTeX Info: Redefining \bigg on input line 723.
LaTeX Info: Redefining \Bigg on input line 724.
\big@size=\dimen162
LaTeX Font Info:    Redeclaring font encoding OML on input line 742.
LaTeX Font Info:    Redeclaring font encoding OMS on input line 743.
\macc@depth=\count289
LaTeX Info: Redefining \bmod on input line 904.
LaTeX Info: Redefining \pmod on input line 909.
LaTeX Info: Redefining \smash on input line 939.
LaTeX Info: Redefining \relbar on input line 969.
LaTeX Info: Redefining \Relbar on input line 970.
\c@MaxMatrixCols=\count290
\dotsspace@=\muskip18
\c@parentequation=\count291
\dspbrk@lvl=\count292
\tag@help=\toks27
\row@=\count293
\column@=\count294
\maxfields@=\count295
\andhelp@=\toks28
\eqnshift@=\dimen163
\alignsep@=\dimen164
\tagshift@=\dimen165
\tagwidth@=\dimen166
\totwidth@=\dimen167
\lineht@=\dimen168
\@envbody=\toks29
\multlinegap=\skip57
\multlinetaggap=\skip58
\mathdisplay@stack=\toks30
LaTeX Info: Redefining \[ on input line 2953.
LaTeX Info: Redefining \] on input line 2954.
) (C:\Users\Admin\AppData\Local\Programs\MiKTeX\tex/latex/amsfonts\amssymb.sty
Package: amssymb 2013/01/14 v3.01 AMS font symbols
 (C:\Users\Admin\AppData\Local\Programs\MiKTeX\tex/latex/amsfonts\amsfonts.sty
Package: amsfonts 2013/01/14 v3.01 Basic AMSFonts support
\symAMSa=\mathgroup4
\symAMSb=\mathgroup5
LaTeX Font Info:    Redeclaring math symbol \hbar on input line 98.
LaTeX Font Info:    Overwriting math alphabet `\mathfrak' in version `bold'
(Font)                  U/euf/m/n --> U/euf/b/n on input line 106.
)) (C:\Users\Admin\AppData\Local\Programs\MiKTeX\tex/latex/amscls\amsthm.sty
Package: amsthm 2020/05/29 v2.20.6
\thm@style=\toks31
\thm@bodyfont=\toks32
\thm@headfont=\toks33
\thm@notefont=\toks34
\thm@headpunct=\toks35
\thm@preskip=\skip59
\thm@postskip=\skip60
\thm@headsep=\skip61
\dth@everypar=\toks36
) (C:\Users\Admin\AppData\Local\Programs\MiKTeX\tex/latex/eurosym\eurosym.sty
Package: eurosym 1998/08/06 v1.1 European currency symbol ``Euro''
\@eurobox=\box56
) (C:\Users\Admin\AppData\Local\Programs\MiKTeX\tex/latex/mathtools\mathtools.sty
Package: mathtools 2024/03/11 v1.30 mathematical typesetting tools
 (C:\Users\Admin\AppData\Local\Programs\MiKTeX\tex/latex/mathtools\mhsetup.sty
Package: mhsetup 2021/03/18 v1.4 programming setup (MH)
)
\g_MT_multlinerow_int=\count296
\l_MT_multwidth_dim=\dimen169
\origjot=\skip62
\l_MT_shortvdotswithinadjustabove_dim=\dimen170
\l_MT_shortvdotswithinadjustbelow_dim=\dimen171
\l_MT_above_intertext_sep=\dimen172
\l_MT_below_intertext_sep=\dimen173
\l_MT_above_shortintertext_sep=\dimen174
\l_MT_below_shortintertext_sep=\dimen175
\xmathstrut@box=\box57
\xmathstrut@dim=\dimen176
) (C:\Users\Admin\AppData\Local\Programs\MiKTeX\tex/latex/siunitx\siunitx.sty
Package: siunitx 2024-11-19 v3.3.24 A comprehensive (SI) units package
\l__siunitx_number_uncert_offset_int=\count297
\l__siunitx_number_exponent_fixed_int=\count298
\l__siunitx_number_min_decimal_int=\count299
\l__siunitx_number_min_integer_int=\count300
\l__siunitx_number_round_precision_int=\count301
\l__siunitx_number_lower_threshold_int=\count302
\l__siunitx_number_upper_threshold_int=\count303
\l__siunitx_number_group_first_int=\count304
\l__siunitx_number_group_size_int=\count305
\l__siunitx_number_group_minimum_int=\count306
\l__siunitx_angle_tmp_dim=\dimen177
\l__siunitx_angle_marker_box=\box58
\l__siunitx_angle_unit_box=\box59
\l__siunitx_compound_count_int=\count307
 (C:\Users\Admin\AppData\Local\Programs\MiKTeX\tex/latex/translations\translations.sty
Package: translations 2022/02/05 v1.12 internationalization of LaTeX2e packages (CN)
 (C:\Users\Admin\AppData\Local\Programs\MiKTeX\tex/generic/pdftexcmds\pdftexcmds.sty
Package: pdftexcmds 2020-06-27 v0.33 Utility functions of pdfTeX for LuaTeX (HO)
 (C:\Users\Admin\AppData\Local\Programs\MiKTeX\tex/generic/infwarerr\infwarerr.sty
Package: infwarerr 2019/12/03 v1.5 Providing info/warning/error messages (HO)
)
Package pdftexcmds Info: \pdf@primitive is available.
Package pdftexcmds Info: \pdf@ifprimitive is available.
Package pdftexcmds Info: \pdfdraftmode found.
))
\l__siunitx_table_tmp_box=\box60
\l__siunitx_table_tmp_dim=\dimen178
\l__siunitx_table_column_width_dim=\dimen179
\l__siunitx_table_integer_box=\box61
\l__siunitx_table_decimal_box=\box62
\l__siunitx_table_uncert_box=\box63
\l__siunitx_table_before_box=\box64
\l__siunitx_table_after_box=\box65
\l__siunitx_table_before_dim=\dimen180
\l__siunitx_table_carry_dim=\dimen181
\l__siunitx_unit_tmp_int=\count308
\l__siunitx_unit_position_int=\count309
\l__siunitx_unit_total_int=\count310
 (C:\Users\Admin\AppData\Local\Programs\MiKTeX\tex/latex/tools\array.sty
Package: array 2024/06/14 v2.6d Tabular extension package (FMi)
\col@sep=\dimen182
\ar@mcellbox=\box66
\extrarowheight=\dimen183
\NC@list=\toks37
\extratabsurround=\skip63
\backup@length=\skip64
\ar@cellbox=\box67
)) (C:\Users\Admin\AppData\Local\Programs\MiKTeX\tex/latex/multirow\bigstrut.sty
Package: bigstrut 2024/11/12 v2.9 Provide larger struts in tabulars
\bigstrutjot=\dimen184
) (C:\Users\Admin\AppData\Local\Programs\MiKTeX\tex/latex/blkarray\blkarray.sty
Package: blkarray 2015/02/27 v0.07 Block array (dpc)
\c@BAenumi=\count311
\BA@col=\count312
\BA@block@cnt=\count313
\BA@final@box=\box68
\BA@first@box=\box69
\BA@colsep=\dimen185
\BA@ftn=\toks38
\BAextrarowheight=\dimen186
\BAextraheightafterhline=\dimen187
\BAarrayrulewidth=\dimen188
\BAdoublerulesep=\dimen189
\BAfootskip=\dimen190
\BA@dashbox=\box70
\BA@ddashbox=\box71
) (C:\Users\Admin\AppData\Local\Programs\MiKTeX\tex/latex/booktabs\booktabs.sty
Package: booktabs 2020/01/12 v1.61803398 Publication quality tables
\heavyrulewidth=\dimen191
\lightrulewidth=\dimen192
\cmidrulewidth=\dimen193
\belowrulesep=\dimen194
\belowbottomsep=\dimen195
\aboverulesep=\dimen196
\abovetopsep=\dimen197
\cmidrulesep=\dimen198
\cmidrulekern=\dimen199
\defaultaddspace=\dimen256
\@cmidla=\count314
\@cmidlb=\count315
\@aboverulesep=\dimen257
\@belowrulesep=\dimen258
\@thisruleclass=\count316
\@lastruleclass=\count317
\@thisrulewidth=\dimen259
) (C:\Users\Admin\AppData\Local\Programs\MiKTeX\tex/latex/enumitem\enumitem.sty
Package: enumitem 2025/02/06 v3.11 Customized lists
\labelindent=\skip65
\enit@outerparindent=\dimen260
\enit@toks=\toks39
\enit@inbox=\box72
\enit@count@id=\count318
\enitdp@description=\count319
) (C:\Users\Admin\AppData\Local\Programs\MiKTeX\tex/latex/gauss\gauss.sty
Package: gauss 2003/01/14
\g@trash=\box73
\g@matrixbox=\box74
\g@eastbox=\box75
\g@northbox=\box76
\g@label=\box77
\g@b@tmp=\box78
\g@b@tmpa=\box79
\g@b@tmpb=\box80
\g@maxrow=\count320
\g@maxcol=\count321
\g@maxrow@old=\count322
\g@maxcol@old=\count323
\g@c@tmp=\count324
\g@c@tmpa=\count325
\g@axisHeight=\dimen261
\g@linethickness=\dimen262
\g@tab=\dimen263
\g@arrowht=\dimen264
\g@arrowwd=\dimen265
\g@d@tmp=\dimen266
\g@d@tmpa=\dimen267
\g@d@tmpb=\dimen268
\g@d@tmpc=\dimen269
\g@d@tmpd=\dimen270
\g@d@tmpe=\dimen271
\g@loopCount=\count326
\g@loopEnd=\count327
\g@loopStep=\count328
\colarrowsep=\dimen272
\rowarrowsep=\dimen273
\opskip=\dimen274
\labelskip=\dimen275
\colopminsize=\dimen276
\rowopminsize=\dimen277
) (C:\Users\Admin\AppData\Local\Programs\MiKTeX\tex/latex/tools\multicol.sty
Package: multicol 2024/05/23 v1.9h multicolumn formatting (FMi)
\c@tracingmulticols=\count329
\mult@box=\box81
\multicol@leftmargin=\dimen278
\c@unbalance=\count330
\c@collectmore=\count331
\doublecol@number=\count332
\multicoltolerance=\count333
\multicolpretolerance=\count334
\full@width=\dimen279
\page@free=\dimen280
\premulticols=\dimen281
\postmulticols=\dimen282
\multicolsep=\skip66
\multicolbaselineskip=\skip67
\partial@page=\box82
\last@line=\box83
\mc@boxedresult=\box84
\maxbalancingoverflow=\dimen283
\mult@rightbox=\box85
\mult@grightbox=\box86
\mult@firstbox=\box87
\mult@gfirstbox=\box88
\@tempa=\box89
\@tempa=\box90
\@tempa=\box91
\@tempa=\box92
\@tempa=\box93
\@tempa=\box94
\@tempa=\box95
\@tempa=\box96
\@tempa=\box97
\@tempa=\box98
\@tempa=\box99
\@tempa=\box100
\@tempa=\box101
\@tempa=\box102
\@tempa=\box103
\@tempa=\box104
\@tempa=\box105
\@tempa=\box106
\@tempa=\box107
\@tempa=\box108
\@tempa=\box109
\@tempa=\box110
\@tempa=\box111
\@tempa=\box112
\@tempa=\box113
\@tempa=\box114
\@tempa=\box115
\@tempa=\box116
\@tempa=\box117
\@tempa=\box118
\@tempa=\box119
\@tempa=\box120
\@tempa=\box121
\@tempa=\box122
\@tempa=\box123
\@tempa=\box124
\c@minrows=\count335
\c@columnbadness=\count336
\c@finalcolumnbadness=\count337
\last@try=\dimen284
\multicolovershoot=\dimen285
\multicolundershoot=\dimen286
\mult@nat@firstbox=\box125
\colbreak@box=\box126
\mc@col@check@num=\count338
) (C:\Users\Admin\AppData\Local\Programs\MiKTeX\tex/latex/multirow\multirow.sty
Package: multirow 2024/11/12 v2.9 Span multiple rows of a table
\multirow@colwidth=\skip68
\multirow@cntb=\count339
\multirow@dima=\skip69
) (C:\Users\Admin\AppData\Local\Programs\MiKTeX\tex/latex/tools\tabularx.sty
Package: tabularx 2023/12/11 v2.12a `tabularx' package (DPC)
\TX@col@width=\dimen287
\TX@old@table=\dimen288
\TX@old@col=\dimen289
\TX@target=\dimen290
\TX@delta=\dimen291
\TX@cols=\count340
\TX@ftn=\toks40
) (C:\Users\Admin\AppData\Local\Programs\MiKTeX\tex/latex/colortbl\colortbl.sty
Package: colortbl 2024/07/06 v1.0i Color table columns (DPC)
\everycr=\toks41
\minrowclearance=\skip70
\rownum=\count341
) (C:\Users\Admin\AppData\Local\Programs\MiKTeX\tex/latex/graphics\dvipsnam.def
File: dvipsnam.def 2016/06/17 v3.0m Driver-dependent file (DPC,SPQR)
) (C:\Users\Admin\AppData\Local\Programs\MiKTeX\tex/latex/float\float.sty
Package: float 2001/11/08 v1.3d Float enhancements (AL)
\c@float@type=\count342
\float@exts=\toks42
\float@box=\box127
\@float@everytoks=\toks43
\@floatcapt=\box128
) (C:\Users\Admin\AppData\Local\Programs\MiKTeX\tex/latex/tcolorbox\tcolorbox.sty
Package: tcolorbox 2024/07/10 version 6.3.0 text color boxes
 (C:\Users\Admin\AppData\Local\Programs\MiKTeX\tex/latex/pgf/frontendlayer\tikz.sty (C:\Users\Admin\AppData\Local\Programs\MiKTeX\tex/latex/pgf/basiclayer\pgf.sty (C:\Users\Admin\AppData\Local\Programs\MiKTeX\tex/latex/pgf/utilities\pgfrcs.sty (C:\Users\Admin\AppData\Local\Programs\MiKTeX\tex/generic/pgf/utilities\pgfutil-common.tex
\pgfutil@everybye=\toks44
\pgfutil@tempdima=\dimen292
\pgfutil@tempdimb=\dimen293
) (C:\Users\Admin\AppData\Local\Programs\MiKTeX\tex/generic/pgf/utilities\pgfutil-latex.def
\pgfutil@abb=\box129
) (C:\Users\Admin\AppData\Local\Programs\MiKTeX\tex/generic/pgf/utilities\pgfrcs.code.tex (C:\Users\Admin\AppData\Local\Programs\MiKTeX\tex/generic/pgf\pgf.revision.tex)
Package: pgfrcs 2023-01-15 v3.1.10 (3.1.10)
))
Package: pgf 2023-01-15 v3.1.10 (3.1.10)
 (C:\Users\Admin\AppData\Local\Programs\MiKTeX\tex/latex/pgf/basiclayer\pgfcore.sty (C:\Users\Admin\AppData\Local\Programs\MiKTeX\tex/latex/pgf/systemlayer\pgfsys.sty (C:\Users\Admin\AppData\Local\Programs\MiKTeX\tex/generic/pgf/systemlayer\pgfsys.code.tex
Package: pgfsys 2023-01-15 v3.1.10 (3.1.10)
 (C:\Users\Admin\AppData\Local\Programs\MiKTeX\tex/generic/pgf/utilities\pgfkeys.code.tex
\pgfkeys@pathtoks=\toks45
\pgfkeys@temptoks=\toks46
 (C:\Users\Admin\AppData\Local\Programs\MiKTeX\tex/generic/pgf/utilities\pgfkeyslibraryfiltered.code.tex
\pgfkeys@tmptoks=\toks47
))
\pgf@x=\dimen294
\pgf@y=\dimen295
\pgf@xa=\dimen296
\pgf@ya=\dimen297
\pgf@xb=\dimen298
\pgf@yb=\dimen299
\pgf@xc=\dimen300
\pgf@yc=\dimen301
\pgf@xd=\dimen302
\pgf@yd=\dimen303
\w@pgf@writea=\write3
\r@pgf@reada=\read3
\c@pgf@counta=\count343
\c@pgf@countb=\count344
\c@pgf@countc=\count345
\c@pgf@countd=\count346
\t@pgf@toka=\toks48
\t@pgf@tokb=\toks49
\t@pgf@tokc=\toks50
\pgf@sys@id@count=\count347
 (C:\Users\Admin\AppData\Local\Programs\MiKTeX\tex/generic/pgf/systemlayer\pgf.cfg
File: pgf.cfg 2023-01-15 v3.1.10 (3.1.10)
)
Driver file for pgf: pgfsys-pdftex.def
 (C:\Users\Admin\AppData\Local\Programs\MiKTeX\tex/generic/pgf/systemlayer\pgfsys-pdftex.def
File: pgfsys-pdftex.def 2023-01-15 v3.1.10 (3.1.10)
 (C:\Users\Admin\AppData\Local\Programs\MiKTeX\tex/generic/pgf/systemlayer\pgfsys-common-pdf.def
File: pgfsys-common-pdf.def 2023-01-15 v3.1.10 (3.1.10)
))) (C:\Users\Admin\AppData\Local\Programs\MiKTeX\tex/generic/pgf/systemlayer\pgfsyssoftpath.code.tex
File: pgfsyssoftpath.code.tex 2023-01-15 v3.1.10 (3.1.10)
\pgfsyssoftpath@smallbuffer@items=\count348
\pgfsyssoftpath@bigbuffer@items=\count349
) (C:\Users\Admin\AppData\Local\Programs\MiKTeX\tex/generic/pgf/systemlayer\pgfsysprotocol.code.tex
File: pgfsysprotocol.code.tex 2023-01-15 v3.1.10 (3.1.10)
)) (C:\Users\Admin\AppData\Local\Programs\MiKTeX\tex/generic/pgf/basiclayer\pgfcore.code.tex
Package: pgfcore 2023-01-15 v3.1.10 (3.1.10)
 (C:\Users\Admin\AppData\Local\Programs\MiKTeX\tex/generic/pgf/math\pgfmath.code.tex (C:\Users\Admin\AppData\Local\Programs\MiKTeX\tex/generic/pgf/math\pgfmathutil.code.tex) (C:\Users\Admin\AppData\Local\Programs\MiKTeX\tex/generic/pgf/math\pgfmathparser.code.tex
\pgfmath@dimen=\dimen304
\pgfmath@count=\count350
\pgfmath@box=\box130
\pgfmath@toks=\toks51
\pgfmath@stack@operand=\toks52
\pgfmath@stack@operation=\toks53
) (C:\Users\Admin\AppData\Local\Programs\MiKTeX\tex/generic/pgf/math\pgfmathfunctions.code.tex) (C:\Users\Admin\AppData\Local\Programs\MiKTeX\tex/generic/pgf/math\pgfmathfunctions.basic.code.tex) (C:\Users\Admin\AppData\Local\Programs\MiKTeX\tex/generic/pgf/math\pgfmathfunctions.trigonometric.code.tex) (C:\Users\Admin\AppData\Local\Programs\MiKTeX\tex/generic/pgf/math\pgfmathfunctions.random.code.tex) (C:\Users\Admin\AppData\Local\Programs\MiKTeX\tex/generic/pgf/math\pgfmathfunctions.comparison.code.tex) (C:\Users\Admin\AppData\Local\Programs\MiKTeX\tex/generic/pgf/math\pgfmathfunctions.base.code.tex) (C:\Users\Admin\AppData\Local\Programs\MiKTeX\tex/generic/pgf/math\pgfmathfunctions.round.code.tex) (C:\Users\Admin\AppData\Local\Programs\MiKTeX\tex/generic/pgf/math\pgfmathfunctions.misc.code.tex) (C:\Users\Admin\AppData\Local\Programs\MiKTeX\tex/generic/pgf/math\pgfmathfunctions.integerarithmetics.code.tex) (C:\Users\Admin\AppData\Local\Programs\MiKTeX\tex/generic/pgf/math\pgfmathcalc.code.tex) (C:\Users\Admin\AppData\Local\Programs\MiKTeX\tex/generic/pgf/math\pgfmathfloat.code.tex
\c@pgfmathroundto@lastzeros=\count351
)) (C:\Users\Admin\AppData\Local\Programs\MiKTeX\tex/generic/pgf/math\pgfint.code.tex) (C:\Users\Admin\AppData\Local\Programs\MiKTeX\tex/generic/pgf/basiclayer\pgfcorepoints.code.tex
File: pgfcorepoints.code.tex 2023-01-15 v3.1.10 (3.1.10)
\pgf@picminx=\dimen305
\pgf@picmaxx=\dimen306
\pgf@picminy=\dimen307
\pgf@picmaxy=\dimen308
\pgf@pathminx=\dimen309
\pgf@pathmaxx=\dimen310
\pgf@pathminy=\dimen311
\pgf@pathmaxy=\dimen312
\pgf@xx=\dimen313
\pgf@xy=\dimen314
\pgf@yx=\dimen315
\pgf@yy=\dimen316
\pgf@zx=\dimen317
\pgf@zy=\dimen318
) (C:\Users\Admin\AppData\Local\Programs\MiKTeX\tex/generic/pgf/basiclayer\pgfcorepathconstruct.code.tex
File: pgfcorepathconstruct.code.tex 2023-01-15 v3.1.10 (3.1.10)
\pgf@path@lastx=\dimen319
\pgf@path@lasty=\dimen320
) (C:\Users\Admin\AppData\Local\Programs\MiKTeX\tex/generic/pgf/basiclayer\pgfcorepathusage.code.tex
File: pgfcorepathusage.code.tex 2023-01-15 v3.1.10 (3.1.10)
\pgf@shorten@end@additional=\dimen321
\pgf@shorten@start@additional=\dimen322
) (C:\Users\Admin\AppData\Local\Programs\MiKTeX\tex/generic/pgf/basiclayer\pgfcorescopes.code.tex
File: pgfcorescopes.code.tex 2023-01-15 v3.1.10 (3.1.10)
\pgfpic=\box131
\pgf@hbox=\box132
\pgf@layerbox@main=\box133
\pgf@picture@serial@count=\count352
) (C:\Users\Admin\AppData\Local\Programs\MiKTeX\tex/generic/pgf/basiclayer\pgfcoregraphicstate.code.tex
File: pgfcoregraphicstate.code.tex 2023-01-15 v3.1.10 (3.1.10)
\pgflinewidth=\dimen323
) (C:\Users\Admin\AppData\Local\Programs\MiKTeX\tex/generic/pgf/basiclayer\pgfcoretransformations.code.tex
File: pgfcoretransformations.code.tex 2023-01-15 v3.1.10 (3.1.10)
\pgf@pt@x=\dimen324
\pgf@pt@y=\dimen325
\pgf@pt@temp=\dimen326
) (C:\Users\Admin\AppData\Local\Programs\MiKTeX\tex/generic/pgf/basiclayer\pgfcorequick.code.tex
File: pgfcorequick.code.tex 2023-01-15 v3.1.10 (3.1.10)
) (C:\Users\Admin\AppData\Local\Programs\MiKTeX\tex/generic/pgf/basiclayer\pgfcoreobjects.code.tex
File: pgfcoreobjects.code.tex 2023-01-15 v3.1.10 (3.1.10)
) (C:\Users\Admin\AppData\Local\Programs\MiKTeX\tex/generic/pgf/basiclayer\pgfcorepathprocessing.code.tex
File: pgfcorepathprocessing.code.tex 2023-01-15 v3.1.10 (3.1.10)
) (C:\Users\Admin\AppData\Local\Programs\MiKTeX\tex/generic/pgf/basiclayer\pgfcorearrows.code.tex
File: pgfcorearrows.code.tex 2023-01-15 v3.1.10 (3.1.10)
\pgfarrowsep=\dimen327
) (C:\Users\Admin\AppData\Local\Programs\MiKTeX\tex/generic/pgf/basiclayer\pgfcoreshade.code.tex
File: pgfcoreshade.code.tex 2023-01-15 v3.1.10 (3.1.10)
\pgf@max=\dimen328
\pgf@sys@shading@range@num=\count353
\pgf@shadingcount=\count354
) (C:\Users\Admin\AppData\Local\Programs\MiKTeX\tex/generic/pgf/basiclayer\pgfcoreimage.code.tex
File: pgfcoreimage.code.tex 2023-01-15 v3.1.10 (3.1.10)
) (C:\Users\Admin\AppData\Local\Programs\MiKTeX\tex/generic/pgf/basiclayer\pgfcoreexternal.code.tex
File: pgfcoreexternal.code.tex 2023-01-15 v3.1.10 (3.1.10)
\pgfexternal@startupbox=\box134
) (C:\Users\Admin\AppData\Local\Programs\MiKTeX\tex/generic/pgf/basiclayer\pgfcorelayers.code.tex
File: pgfcorelayers.code.tex 2023-01-15 v3.1.10 (3.1.10)
) (C:\Users\Admin\AppData\Local\Programs\MiKTeX\tex/generic/pgf/basiclayer\pgfcoretransparency.code.tex
File: pgfcoretransparency.code.tex 2023-01-15 v3.1.10 (3.1.10)
) (C:\Users\Admin\AppData\Local\Programs\MiKTeX\tex/generic/pgf/basiclayer\pgfcorepatterns.code.tex
File: pgfcorepatterns.code.tex 2023-01-15 v3.1.10 (3.1.10)
) (C:\Users\Admin\AppData\Local\Programs\MiKTeX\tex/generic/pgf/basiclayer\pgfcorerdf.code.tex
File: pgfcorerdf.code.tex 2023-01-15 v3.1.10 (3.1.10)
))) (C:\Users\Admin\AppData\Local\Programs\MiKTeX\tex/generic/pgf/modules\pgfmoduleshapes.code.tex
File: pgfmoduleshapes.code.tex 2023-01-15 v3.1.10 (3.1.10)
\pgfnodeparttextbox=\box135
) (C:\Users\Admin\AppData\Local\Programs\MiKTeX\tex/generic/pgf/modules\pgfmoduleplot.code.tex
File: pgfmoduleplot.code.tex 2023-01-15 v3.1.10 (3.1.10)
) (C:\Users\Admin\AppData\Local\Programs\MiKTeX\tex/latex/pgf/compatibility\pgfcomp-version-0-65.sty
Package: pgfcomp-version-0-65 2023-01-15 v3.1.10 (3.1.10)
\pgf@nodesepstart=\dimen329
\pgf@nodesepend=\dimen330
) (C:\Users\Admin\AppData\Local\Programs\MiKTeX\tex/latex/pgf/compatibility\pgfcomp-version-1-18.sty
Package: pgfcomp-version-1-18 2023-01-15 v3.1.10 (3.1.10)
)) (C:\Users\Admin\AppData\Local\Programs\MiKTeX\tex/latex/pgf/utilities\pgffor.sty (C:\Users\Admin\AppData\Local\Programs\MiKTeX\tex/latex/pgf/utilities\pgfkeys.sty (C:\Users\Admin\AppData\Local\Programs\MiKTeX\tex/generic/pgf/utilities\pgfkeys.code.tex)) (C:\Users\Admin\AppData\Local\Programs\MiKTeX\tex/latex/pgf/math\pgfmath.sty (C:\Users\Admin\AppData\Local\Programs\MiKTeX\tex/generic/pgf/math\pgfmath.code.tex)) (C:\Users\Admin\AppData\Local\Programs\MiKTeX\tex/generic/pgf/utilities\pgffor.code.tex
Package: pgffor 2023-01-15 v3.1.10 (3.1.10)
\pgffor@iter=\dimen331
\pgffor@skip=\dimen332
\pgffor@stack=\toks54
\pgffor@toks=\toks55
)) (C:\Users\Admin\AppData\Local\Programs\MiKTeX\tex/generic/pgf/frontendlayer/tikz\tikz.code.tex
Package: tikz 2023-01-15 v3.1.10 (3.1.10)
 (C:\Users\Admin\AppData\Local\Programs\MiKTeX\tex/generic/pgf/libraries\pgflibraryplothandlers.code.tex
File: pgflibraryplothandlers.code.tex 2023-01-15 v3.1.10 (3.1.10)
\pgf@plot@mark@count=\count355
\pgfplotmarksize=\dimen333
)
\tikz@lastx=\dimen334
\tikz@lasty=\dimen335
\tikz@lastxsaved=\dimen336
\tikz@lastysaved=\dimen337
\tikz@lastmovetox=\dimen338
\tikz@lastmovetoy=\dimen339
\tikzleveldistance=\dimen340
\tikzsiblingdistance=\dimen341
\tikz@figbox=\box136
\tikz@figbox@bg=\box137
\tikz@tempbox=\box138
\tikz@tempbox@bg=\box139
\tikztreelevel=\count356
\tikznumberofchildren=\count357
\tikznumberofcurrentchild=\count358
\tikz@fig@count=\count359
 (C:\Users\Admin\AppData\Local\Programs\MiKTeX\tex/generic/pgf/modules\pgfmodulematrix.code.tex
File: pgfmodulematrix.code.tex 2023-01-15 v3.1.10 (3.1.10)
\pgfmatrixcurrentrow=\count360
\pgfmatrixcurrentcolumn=\count361
\pgf@matrix@numberofcolumns=\count362
)
\tikz@expandcount=\count363
 (C:\Users\Admin\AppData\Local\Programs\MiKTeX\tex/generic/pgf/frontendlayer/tikz/libraries\tikzlibrarytopaths.code.tex
File: tikzlibrarytopaths.code.tex 2023-01-15 v3.1.10 (3.1.10)
))) (C:\Users\Admin\AppData\Local\Programs\MiKTeX\tex/latex/tools\verbatim.sty
Package: verbatim 2024-01-22 v1.5x LaTeX2e package for verbatim enhancements
\every@verbatim=\toks56
\verbatim@line=\toks57
\verbatim@in@stream=\read4
) (C:\Users\Admin\AppData\Local\Programs\MiKTeX\tex/latex/environ\environ.sty
Package: environ 2014/05/04 v0.3 A new way to define environments
 (C:\Users\Admin\AppData\Local\Programs\MiKTeX\tex/latex/trimspaces\trimspaces.sty
Package: trimspaces 2009/09/17 v1.1 Trim spaces around a token list
))
\tcb@titlebox=\box140
\tcb@upperbox=\box141
\tcb@lowerbox=\box142
\tcb@phantombox=\box143
\c@tcbbreakpart=\count364
\c@tcblayer=\count365
\c@tcolorbox@number=\count366
\l__tcobox_tmpa_box=\box144
\l__tcobox_tmpa_dim=\dimen342
\tcb@temp=\box145
\tcb@temp=\box146
\tcb@temp=\box147
\tcb@temp=\box148
 (C:\Users\Admin\AppData\Local\Programs\MiKTeX\tex/latex/tcolorbox\tcbraster.code.tex
Library (tcolorbox): 'tcbraster.code.tex' version '6.3.0'
\c@tcbrastercolumn=\count367
\c@tcbrasterrow=\count368
\c@tcbrasternum=\count369
\c@tcbraster=\count370
) (C:\Users\Admin\AppData\Local\Programs\MiKTeX\tex/latex/tcolorbox\tcbskins.code.tex
Library (tcolorbox): 'tcbskins.code.tex' version '6.3.0'
(C:\Users\Admin\AppData\Local\Programs\MiKTeX\tex/latex/tikzfill\tikzfill.image.sty
Package: tikzfill.image 2023/08/08 v1.0.1 Image filling library for TikZ
 (C:\Users\Admin\AppData\Local\Programs\MiKTeX\tex/latex/tikzfill\tikzfill-common.sty
Package: tikzfill-common 2023/08/08 v1.0.1 Auxiliary code for tikzfill
) (C:\Users\Admin\AppData\Local\Programs\MiKTeX\tex/latex/tikzfill\tikzlibraryfill.image.code.tex
File: tikzlibraryfill.image.code.tex 2023/08/08 v1.0.1 Image filling library
\l__tikzfill_img_box=\box149
)) (C:\Users\Admin\AppData\Local\Programs\MiKTeX\tex/latex/tcolorbox\tcbskinsjigsaw.code.tex
Library (tcolorbox): 'tcbskinsjigsaw.code.tex' version '6.3.0'
)) (C:\Users\Admin\AppData\Local\Programs\MiKTeX\tex/latex/tcolorbox\tcbbreakable.code.tex
Library (tcolorbox): 'tcbbreakable.code.tex' version '6.3.0'
(C:\Users\Admin\AppData\Local\Programs\MiKTeX\tex/latex/pdfcol\pdfcol.sty
Package: pdfcol 2022-09-21 v1.7 Handle new color stacks for pdfTeX (HO)
)
Package pdfcol Info: New color stack `tcb@breakable' = 1 on input line 23.
\tcb@testbox=\box150
\tcb@totalupperbox=\box151
\tcb@totallowerbox=\box152
) (C:\Users\Admin\AppData\Local\Programs\MiKTeX\tex/latex/tcolorbox\tcbhooks.code.tex
Library (tcolorbox): 'tcbhooks.code.tex' version '6.3.0'
) (C:\Users\Admin\AppData\Local\Programs\MiKTeX\tex/latex/tcolorbox\tcbtheorems.code.tex
Library (tcolorbox): 'tcbtheorems.code.tex' version '6.3.0'
) (C:\Users\Admin\AppData\Local\Programs\MiKTeX\tex/latex/tcolorbox\tcbfitting.code.tex
Library (tcolorbox): 'tcbfitting.code.tex' version '6.3.0'
\tcbfitdim=\dimen343
\tcb@lowerfitdim=\dimen344
\tcb@upperfitdim=\dimen345
\tcb@cur@hbadness=\count371
)) (C:\Users\Admin\AppData\Local\Programs\MiKTeX\tex/latex/fancyhdr\fancyhdr.sty
Package: fancyhdr 2025/02/07 v5.2 Extensive control of page headers and footers
\f@nch@headwidth=\skip71
\f@nch@offset@elh=\skip72
\f@nch@offset@erh=\skip73
\f@nch@offset@olh=\skip74
\f@nch@offset@orh=\skip75
\f@nch@offset@elf=\skip76
\f@nch@offset@erf=\skip77
\f@nch@offset@olf=\skip78
\f@nch@offset@orf=\skip79
\f@nch@height=\skip80
\f@nch@footalignment=\skip81
\f@nch@widthL=\skip82
\f@nch@widthC=\skip83
\f@nch@widthR=\skip84
\@temptokenb=\toks58
) (C:\Users\Admin\AppData\Local\Programs\MiKTeX\tex/latex/hyperref\hyperref.sty
Package: hyperref 2024-11-05 v7.01l Hypertext links for LaTeX
 (C:\Users\Admin\AppData\Local\Programs\MiKTeX\tex/generic/kvdefinekeys\kvdefinekeys.sty
Package: kvdefinekeys 2019-12-19 v1.6 Define keys (HO)
) (C:\Users\Admin\AppData\Local\Programs\MiKTeX\tex/generic/pdfescape\pdfescape.sty
Package: pdfescape 2019/12/09 v1.15 Implements pdfTeX's escape features (HO)
) (C:\Users\Admin\AppData\Local\Programs\MiKTeX\tex/latex/hycolor\hycolor.sty
Package: hycolor 2020-01-27 v1.10 Color options for hyperref/bookmark (HO)
) (C:\Users\Admin\AppData\Local\Programs\MiKTeX\tex/latex/hyperref\nameref.sty
Package: nameref 2023-11-26 v2.56 Cross-referencing by name of section
 (C:\Users\Admin\AppData\Local\Programs\MiKTeX\tex/latex/refcount\refcount.sty
Package: refcount 2019/12/15 v3.6 Data extraction from label references (HO)
) (C:\Users\Admin\AppData\Local\Programs\MiKTeX\tex/generic/gettitlestring\gettitlestring.sty
Package: gettitlestring 2019/12/15 v1.6 Cleanup title references (HO)
)
\c@section@level=\count372
) (C:\Users\Admin\AppData\Local\Programs\MiKTeX\tex/generic/stringenc\stringenc.sty
Package: stringenc 2019/11/29 v1.12 Convert strings between diff. encodings (HO)
)
\@linkdim=\dimen346
\Hy@linkcounter=\count373
\Hy@pagecounter=\count374
 (C:\Users\Admin\AppData\Local\Programs\MiKTeX\tex/latex/hyperref\pd1enc.def
File: pd1enc.def 2024-11-05 v7.01l Hyperref: PDFDocEncoding definition (HO)
Now handling font encoding PD1 ...
... no UTF-8 mapping file for font encoding PD1
) (C:\Users\Admin\AppData\Local\Programs\MiKTeX\tex/generic/intcalc\intcalc.sty
Package: intcalc 2019/12/15 v1.3 Expandable calculations with integers (HO)
)
\Hy@SavedSpaceFactor=\count375
 (C:\Users\Admin\AppData\Local\Programs\MiKTeX\tex/latex/hyperref\puenc.def
File: puenc.def 2024-11-05 v7.01l Hyperref: PDF Unicode definition (HO)
Now handling font encoding PU ...
... no UTF-8 mapping file for font encoding PU
)
Package hyperref Info: Hyper figures OFF on input line 4157.
Package hyperref Info: Link nesting OFF on input line 4162.
Package hyperref Info: Hyper index ON on input line 4165.
Package hyperref Info: Plain pages OFF on input line 4172.
Package hyperref Info: Backreferencing OFF on input line 4177.
Package hyperref Info: Implicit mode ON; LaTeX internals redefined.
Package hyperref Info: Bookmarks ON on input line 4424.
\c@Hy@tempcnt=\count376
LaTeX Info: Redefining \url on input line 4763.
\XeTeXLinkMargin=\dimen347
 (C:\Users\Admin\AppData\Local\Programs\MiKTeX\tex/generic/bitset\bitset.sty
Package: bitset 2019/12/09 v1.3 Handle bit-vector datatype (HO)
 (C:\Users\Admin\AppData\Local\Programs\MiKTeX\tex/generic/bigintcalc\bigintcalc.sty
Package: bigintcalc 2019/12/15 v1.5 Expandable calculations on big integers (HO)
))
\Fld@menulength=\count377
\Field@Width=\dimen348
\Fld@charsize=\dimen349
Package hyperref Info: Hyper figures OFF on input line 6042.
Package hyperref Info: Link nesting OFF on input line 6047.
Package hyperref Info: Hyper index ON on input line 6050.
Package hyperref Info: backreferencing OFF on input line 6057.
Package hyperref Info: Link coloring OFF on input line 6062.
Package hyperref Info: Link coloring with OCG OFF on input line 6067.
Package hyperref Info: PDF/A mode OFF on input line 6072.
 (C:\Users\Admin\AppData\Local\Programs\MiKTeX\tex/latex/base\atbegshi-ltx.sty
Package: atbegshi-ltx 2021/01/10 v1.0c Emulation of the original atbegshi
package with kernel methods
)
\Hy@abspage=\count378
\c@Item=\count379
\c@Hfootnote=\count380
)
Package hyperref Info: Driver (autodetected): hpdftex.
 (C:\Users\Admin\AppData\Local\Programs\MiKTeX\tex/latex/hyperref\hpdftex.def
File: hpdftex.def 2024-11-05 v7.01l Hyperref driver for pdfTeX
 (C:\Users\Admin\AppData\Local\Programs\MiKTeX\tex/latex/base\atveryend-ltx.sty
Package: atveryend-ltx 2020/08/19 v1.0a Emulation of the original atveryend package
with kernel methods
)
\Fld@listcount=\count381
\c@bookmark@seq@number=\count382
 (C:\Users\Admin\AppData\Local\Programs\MiKTeX\tex/latex/rerunfilecheck\rerunfilecheck.sty
Package: rerunfilecheck 2022-07-10 v1.10 Rerun checks for auxiliary files (HO)
 (C:\Users\Admin\AppData\Local\Programs\MiKTeX\tex/generic/uniquecounter\uniquecounter.sty
Package: uniquecounter 2019/12/15 v1.4 Provide unlimited unique counter (HO)
)
Package uniquecounter Info: New unique counter `rerunfilecheck' on input line 285.
)
\Hy@SectionHShift=\skip85
) (C:\Users\Admin\AppData\Local\Programs\MiKTeX\tex/latex/cleveref\cleveref.sty
Package: cleveref 2018/03/27 v0.21.4 Intelligent cross-referencing
Package cleveref Info: `hyperref' support loaded on input line 2370.
LaTeX Info: Redefining \cref on input line 2370.
LaTeX Info: Redefining \Cref on input line 2370.
LaTeX Info: Redefining \crefrange on input line 2370.
LaTeX Info: Redefining \Crefrange on input line 2370.
LaTeX Info: Redefining \cpageref on input line 2370.
LaTeX Info: Redefining \Cpageref on input line 2370.
LaTeX Info: Redefining \cpagerefrange on input line 2370.
LaTeX Info: Redefining \Cpagerefrange on input line 2370.
LaTeX Info: Redefining \labelcref on input line 2370.
LaTeX Info: Redefining \labelcpageref on input line 2370.
Package cleveref Info: `amsthm' support loaded on input line 3026.
) (C:\Users\Admin\AppData\Local\Programs\MiKTeX\tex/latex/marginnote\marginnote.sty
Package: marginnote 2018/08/09 1.4b non floating margin notes for LaTeX
\c@mn@abspage=\count383
)
\c@question=\count384
\c@subquestion=\count385
)) (C:/Users/Admin/Documents/GitHub/Statistiek/LaTeX/styles/statistics-macros.sty)
LaTeX Font Info:    Trying to load font information for T1+bch on input line 13.
 (C:\Users\Admin\AppData\Local\Programs\MiKTeX\tex/latex/psnfss\t1bch.fd
File: t1bch.fd 2004/10/18 font definitions for T1/bch.
) (C:\Users\Admin\AppData\Local\Programs\MiKTeX\tex/latex/l3backend\l3backend-pdftex.def
File: l3backend-pdftex.def 2024-05-08 L3 backend support: PDF output (pdfTeX)
\l__color_backend_stack_int=\count386
\l__pdf_internal_box=\box153
) (exam_20250725.aux
Package babel Info: 'dutch' activates 'dutch' shorthands.
(babel)             Reported  on input line 8.
)
\openout1 = `exam_20250725.aux'.

LaTeX Font Info:    Checking defaults for OML/cmm/m/it on input line 13.
LaTeX Font Info:    ... okay on input line 13.
LaTeX Font Info:    Checking defaults for OMS/cmsy/m/n on input line 13.
LaTeX Font Info:    ... okay on input line 13.
LaTeX Font Info:    Checking defaults for OT1/cmr/m/n on input line 13.
LaTeX Font Info:    ... okay on input line 13.
LaTeX Font Info:    Checking defaults for T1/cmr/m/n on input line 13.
LaTeX Font Info:    ... okay on input line 13.
LaTeX Font Info:    Checking defaults for TS1/cmr/m/n on input line 13.
LaTeX Font Info:    ... okay on input line 13.
LaTeX Font Info:    Checking defaults for OMX/cmex/m/n on input line 13.
LaTeX Font Info:    ... okay on input line 13.
LaTeX Font Info:    Checking defaults for U/cmr/m/n on input line 13.
LaTeX Font Info:    ... okay on input line 13.
LaTeX Font Info:    Checking defaults for PD1/pdf/m/n on input line 13.
LaTeX Font Info:    ... okay on input line 13.
LaTeX Font Info:    Checking defaults for PU/pdf/m/n on input line 13.
LaTeX Font Info:    ... okay on input line 13.
 (C:\Users\Admin\AppData\Local\Programs\MiKTeX\tex/context/base/mkii\supp-pdf.mkii
[Loading MPS to PDF converter (version 2006.09.02).]
\scratchcounter=\count387
\scratchdimen=\dimen350
\scratchbox=\box154
\nofMPsegments=\count388
\nofMParguments=\count389
\everyMPshowfont=\toks59
\MPscratchCnt=\count390
\MPscratchDim=\dimen351
\MPnumerator=\count391
\makeMPintoPDFobject=\count392
\everyMPtoPDFconversion=\toks60
) (C:\Users\Admin\AppData\Local\Programs\MiKTeX\tex/latex/epstopdf-pkg\epstopdf-base.sty
Package: epstopdf-base 2020-01-24 v2.11 Base part for package epstopdf
Package epstopdf-base Info: Redefining graphics rule for `.eps' on input line 485.
 (C:\Users\Admin\AppData\Local\Programs\MiKTeX\tex/latex/00miktex\epstopdf-sys.cfg
File: epstopdf-sys.cfg 2021/03/18 v2.0 Configuration of epstopdf for MiKTeX
)) (C:\Users\Admin\AppData\Local\Programs\MiKTeX\tex/latex/pdflscape\pdflscape.sty
Package: pdflscape 2022-10-27 v0.13 Display of landscape pages in PDF
 (C:\Users\Admin\AppData\Local\Programs\MiKTeX\tex/latex/pdflscape\pdflscape-nometadata.sty
Package: pdflscape-nometadata 2022-10-28 v0.13 Display of landscape pages in PDF (HO)
 (C:\Users\Admin\AppData\Local\Programs\MiKTeX\tex/latex/graphics\lscape.sty
Package: lscape 2020/05/28 v3.02 Landscape Pages (DPC)
)
Package pdflscape Info: Auto-detected driver: pdftex on input line 81.
))
*geometry* driver: auto-detecting
*geometry* detected driver: pdftex
*geometry* verbose mode - [ preamble ] result:
* driver: pdftex
* paper: a4paper
* layout: <same size as paper>
* layoutoffset:(h,v)=(0.0pt,0.0pt)
* modes: 
* h-part:(L,W,R)=(57.81621pt, 481.87546pt, 57.81621pt)
* v-part:(T,H,B)=(57.81621pt, 729.41443pt, 57.81621pt)
* \paperwidth=597.50787pt
* \paperheight=845.04684pt
* \textwidth=481.87546pt
* \textheight=729.41443pt
* \oddsidemargin=-14.45378pt
* \evensidemargin=-14.45378pt
* \topmargin=-51.45378pt
* \headheight=15.2pt
* \headsep=25.0pt
* \topskip=12.0pt
* \footskip=30.0pt
* \marginparwidth=44.0pt
* \marginparsep=10.0pt
* \columnsep=10.0pt
* \skip\footins=10.8pt plus 4.0pt minus 2.0pt
* \hoffset=0.0pt
* \voffset=0.0pt
* \mag=1000
* \@twocolumnfalse
* \@twosidefalse
* \@mparswitchfalse
* \@reversemarginfalse
* (1in=72.27pt=25.4mm, 1cm=28.453pt)

\c@mv@tabular=\count393
\c@mv@boldtabular=\count394
(C:\Users\Admin\AppData\Local\Programs\MiKTeX\tex/latex/translations/dicts\translations-basic-dictionary-dutch.trsl
File: translations-basic-dictionary-dutch.trsl (dutch translation file `translations-basic-dictionary')
)
Package translations Info: loading dictionary `translations-basic-dictionary' for `dutch'. on input line 13.
Package hyperref Info: Link coloring OFF on input line 13.
 (exam_20250725.out) (exam_20250725.out)
\@outlinefile=\write4
\openout4 = `exam_20250725.out'.



pdfTeX warning: pdflatex (file ../../Python/FMW_titelblad_20250725.pdf): PDF inclusion: found PDF version <1.7>, but at most version <1.5> allowed
<../../Python/FMW_titelblad_20250725.pdf, id=6, 845.07718pt x 1194.98447pt>
File: ../../Python/FMW_titelblad_20250725.pdf Graphic file (type pdf)
<use ../../Python/FMW_titelblad_20250725.pdf>
Package pdftex.def Info: ../../Python/FMW_titelblad_20250725.pdf  used on input line 16.
(pdftex.def)             Requested size: 845.07512pt x 1194.98155pt.


pdfTeX warning: pdflatex (file ../../Python/FMW_titelblad_20250725.pdf): PDF inclusion: found PDF version <1.7>, but at most version <1.5> allowed


pdfTeX warning: pdflatex (file ../../Python/FMW_titelblad_20250725.pdf): PDF inclusion: found PDF version <1.7>, but at most version <1.5> allowed
<../../Python/FMW_titelblad_20250725.pdf, id=8, page=1, 845.07718pt x 1194.98447pt>
File: ../../Python/FMW_titelblad_20250725.pdf Graphic file (type pdf)
<use ../../Python/FMW_titelblad_20250725.pdf, page 1>
Package pdftex.def Info: ../../Python/FMW_titelblad_20250725.pdf , page1 used on input line 16.
(pdftex.def)             Requested size: 845.07512pt x 1194.98155pt.
File: ../../Python/FMW_titelblad_20250725.pdf Graphic file (type pdf)
<use ../../Python/FMW_titelblad_20250725.pdf, page 1>
Package pdftex.def Info: ../../Python/FMW_titelblad_20250725.pdf , page1 used on input line 16.
(pdftex.def)             Requested size: 597.55899pt x 844.98047pt.
File: ../../Python/FMW_titelblad_20250725.pdf Graphic file (type pdf)
<use ../../Python/FMW_titelblad_20250725.pdf, page 1>
Package pdftex.def Info: ../../Python/FMW_titelblad_20250725.pdf , page1 used on input line 16.
(pdftex.def)             Requested size: 597.55899pt x 844.98047pt.
File: ../../Python/FMW_titelblad_20250725.pdf Graphic file (type pdf)
<use ../../Python/FMW_titelblad_20250725.pdf, page 1>
Package pdftex.def Info: ../../Python/FMW_titelblad_20250725.pdf , page1 used on input line 16.
(pdftex.def)             Requested size: 597.55899pt x 844.98047pt.


File: ../../Python/FMW_titelblad_20250725.pdf Graphic file (type pdf)
<use ../../Python/FMW_titelblad_20250725.pdf, page 1>
Package pdftex.def Info: ../../Python/FMW_titelblad_20250725.pdf , page1 used on input line 16.
(pdftex.def)             Requested size: 597.55899pt x 844.98047pt.
[1


 <../../Python/FMW_titelblad_20250725.pdf>]

pdfTeX warning: pdflatex (file ../../Python/FMW_titelblad_20250725.pdf): PDF inclusion: found PDF version <1.7>, but at most version <1.5> allowed
<../../Python/FMW_titelblad_20250725.pdf, id=46, page=2, 845.07718pt x 1194.98447pt>
File: ../../Python/FMW_titelblad_20250725.pdf Graphic file (type pdf)
<use ../../Python/FMW_titelblad_20250725.pdf, page 2>
Package pdftex.def Info: ../../Python/FMW_titelblad_20250725.pdf , page2 used on input line 16.
(pdftex.def)             Requested size: 597.55899pt x 844.98047pt.
File: ../../Python/FMW_titelblad_20250725.pdf Graphic file (type pdf)
<use ../../Python/FMW_titelblad_20250725.pdf, page 2>
Package pdftex.def Info: ../../Python/FMW_titelblad_20250725.pdf , page2 used on input line 16.
(pdftex.def)             Requested size: 597.55899pt x 844.98047pt.


File: ../../Python/FMW_titelblad_20250725.pdf Graphic file (type pdf)
<use ../../Python/FMW_titelblad_20250725.pdf, page 2>
Package pdftex.def Info: ../../Python/FMW_titelblad_20250725.pdf , page2 used on input line 16.
(pdftex.def)             Requested size: 597.55899pt x 844.98047pt.
[2

 <../../Python/FMW_titelblad_20250725.pdf>]
<../../LaTeX/formulebladen/formuleblad_STA2.pdf, id=64, 597.50829pt x 845.0471pt>
File: ../../LaTeX/formulebladen/formuleblad_STA2.pdf Graphic file (type pdf)
<use ../../LaTeX/formulebladen/formuleblad_STA2.pdf>
Package pdftex.def Info: ../../LaTeX/formulebladen/formuleblad_STA2.pdf  used on input line 18.
(pdftex.def)             Requested size: 597.50682pt x 845.04504pt.
<../../LaTeX/formulebladen/formuleblad_STA2.pdf, id=66, page=1, 597.50829pt x 845.0471pt>
File: ../../LaTeX/formulebladen/formuleblad_STA2.pdf Graphic file (type pdf)
<use ../../LaTeX/formulebladen/formuleblad_STA2.pdf, page 1>
Package pdftex.def Info: ../../LaTeX/formulebladen/formuleblad_STA2.pdf , page1 used on input line 18.
(pdftex.def)             Requested size: 597.50682pt x 845.04504pt.
File: ../../LaTeX/formulebladen/formuleblad_STA2.pdf Graphic file (type pdf)
<use ../../LaTeX/formulebladen/formuleblad_STA2.pdf, page 1>
Package pdftex.def Info: ../../LaTeX/formulebladen/formuleblad_STA2.pdf , page1 used on input line 18.
(pdftex.def)             Requested size: 597.53416pt x 845.08372pt.
File: ../../LaTeX/formulebladen/formuleblad_STA2.pdf Graphic file (type pdf)
<use ../../LaTeX/formulebladen/formuleblad_STA2.pdf, page 1>
Package pdftex.def Info: ../../LaTeX/formulebladen/formuleblad_STA2.pdf , page1 used on input line 18.
(pdftex.def)             Requested size: 597.53416pt x 845.08372pt.
File: ../../LaTeX/formulebladen/formuleblad_STA2.pdf Graphic file (type pdf)
<use ../../LaTeX/formulebladen/formuleblad_STA2.pdf, page 1>
Package pdftex.def Info: ../../LaTeX/formulebladen/formuleblad_STA2.pdf , page1 used on input line 18.
(pdftex.def)             Requested size: 597.53416pt x 845.08372pt.


File: ../../LaTeX/formulebladen/formuleblad_STA2.pdf Graphic file (type pdf)
<use ../../LaTeX/formulebladen/formuleblad_STA2.pdf, page 1>
Package pdftex.def Info: ../../LaTeX/formulebladen/formuleblad_STA2.pdf , page1 used on input line 18.
(pdftex.def)             Requested size: 597.53416pt x 845.08372pt.
[3

 <../../LaTeX/formulebladen/formuleblad_STA2.pdf{C:/Users/Admin/AppData/Local/MiKTeX/fonts/map/pdftex/pdftex.map}>]
<../../LaTeX/formulebladen/formuleblad_STA2.pdf, id=132, page=2, 597.50829pt x 845.0471pt>
File: ../../LaTeX/formulebladen/formuleblad_STA2.pdf Graphic file (type pdf)
<use ../../LaTeX/formulebladen/formuleblad_STA2.pdf, page 2>
Package pdftex.def Info: ../../LaTeX/formulebladen/formuleblad_STA2.pdf , page2 used on input line 18.
(pdftex.def)             Requested size: 597.53416pt x 845.08372pt.
File: ../../LaTeX/formulebladen/formuleblad_STA2.pdf Graphic file (type pdf)
<use ../../LaTeX/formulebladen/formuleblad_STA2.pdf, page 2>
Package pdftex.def Info: ../../LaTeX/formulebladen/formuleblad_STA2.pdf , page2 used on input line 18.
(pdftex.def)             Requested size: 597.53416pt x 845.08372pt.


File: ../../LaTeX/formulebladen/formuleblad_STA2.pdf Graphic file (type pdf)
<use ../../LaTeX/formulebladen/formuleblad_STA2.pdf, page 2>
Package pdftex.def Info: ../../LaTeX/formulebladen/formuleblad_STA2.pdf , page2 used on input line 18.
(pdftex.def)             Requested size: 597.53416pt x 845.08372pt.
[4

 <../../LaTeX/formulebladen/formuleblad_STA2.pdf>]
<../../LaTeX/formulebladen/formuleblad_STA2.pdf, id=149, page=3, 597.50829pt x 845.0471pt>
File: ../../LaTeX/formulebladen/formuleblad_STA2.pdf Graphic file (type pdf)
<use ../../LaTeX/formulebladen/formuleblad_STA2.pdf, page 3>
Package pdftex.def Info: ../../LaTeX/formulebladen/formuleblad_STA2.pdf , page3 used on input line 18.
(pdftex.def)             Requested size: 597.53416pt x 845.08372pt.
File: ../../LaTeX/formulebladen/formuleblad_STA2.pdf Graphic file (type pdf)
<use ../../LaTeX/formulebladen/formuleblad_STA2.pdf, page 3>
Package pdftex.def Info: ../../LaTeX/formulebladen/formuleblad_STA2.pdf , page3 used on input line 18.
(pdftex.def)             Requested size: 597.53416pt x 845.08372pt.


File: ../../LaTeX/formulebladen/formuleblad_STA2.pdf Graphic file (type pdf)
<use ../../LaTeX/formulebladen/formuleblad_STA2.pdf, page 3>
Package pdftex.def Info: ../../LaTeX/formulebladen/formuleblad_STA2.pdf , page3 used on input line 18.
(pdftex.def)             Requested size: 597.53416pt x 845.08372pt.
[5

 <../../LaTeX/formulebladen/formuleblad_STA2.pdf>]
<../../LaTeX/formulebladen/formuleblad_STA2.pdf, id=178, page=4, 597.50829pt x 845.0471pt>
File: ../../LaTeX/formulebladen/formuleblad_STA2.pdf Graphic file (type pdf)
<use ../../LaTeX/formulebladen/formuleblad_STA2.pdf, page 4>
Package pdftex.def Info: ../../LaTeX/formulebladen/formuleblad_STA2.pdf , page4 used on input line 18.
(pdftex.def)             Requested size: 597.53416pt x 845.08372pt.
File: ../../LaTeX/formulebladen/formuleblad_STA2.pdf Graphic file (type pdf)
<use ../../LaTeX/formulebladen/formuleblad_STA2.pdf, page 4>
Package pdftex.def Info: ../../LaTeX/formulebladen/formuleblad_STA2.pdf , page4 used on input line 18.
(pdftex.def)             Requested size: 597.53416pt x 845.08372pt.


File: ../../LaTeX/formulebladen/formuleblad_STA2.pdf Graphic file (type pdf)
<use ../../LaTeX/formulebladen/formuleblad_STA2.pdf, page 4>
Package pdftex.def Info: ../../LaTeX/formulebladen/formuleblad_STA2.pdf , page4 used on input line 18.
(pdftex.def)             Requested size: 597.53416pt x 845.08372pt.
[6

 <../../LaTeX/formulebladen/formuleblad_STA2.pdf>]
<../../LaTeX/formulebladen/formuleblad_STA2.pdf, id=190, page=5, 597.50829pt x 845.0471pt>
File: ../../LaTeX/formulebladen/formuleblad_STA2.pdf Graphic file (type pdf)
<use ../../LaTeX/formulebladen/formuleblad_STA2.pdf, page 5>
Package pdftex.def Info: ../../LaTeX/formulebladen/formuleblad_STA2.pdf , page5 used on input line 18.
(pdftex.def)             Requested size: 597.53416pt x 845.08372pt.
File: ../../LaTeX/formulebladen/formuleblad_STA2.pdf Graphic file (type pdf)
<use ../../LaTeX/formulebladen/formuleblad_STA2.pdf, page 5>
Package pdftex.def Info: ../../LaTeX/formulebladen/formuleblad_STA2.pdf , page5 used on input line 18.
(pdftex.def)             Requested size: 597.53416pt x 845.08372pt.


File: ../../LaTeX/formulebladen/formuleblad_STA2.pdf Graphic file (type pdf)
<use ../../LaTeX/formulebladen/formuleblad_STA2.pdf, page 5>
Package pdftex.def Info: ../../LaTeX/formulebladen/formuleblad_STA2.pdf , page5 used on input line 18.
(pdftex.def)             Requested size: 597.53416pt x 845.08372pt.
[7

 <../../LaTeX/formulebladen/formuleblad_STA2.pdf>]
<../../LaTeX/formulebladen/formuleblad_STA2.pdf, id=208, page=6, 597.50829pt x 845.0471pt>
File: ../../LaTeX/formulebladen/formuleblad_STA2.pdf Graphic file (type pdf)
<use ../../LaTeX/formulebladen/formuleblad_STA2.pdf, page 6>
Package pdftex.def Info: ../../LaTeX/formulebladen/formuleblad_STA2.pdf , page6 used on input line 18.
(pdftex.def)             Requested size: 597.53416pt x 845.08372pt.
File: ../../LaTeX/formulebladen/formuleblad_STA2.pdf Graphic file (type pdf)
<use ../../LaTeX/formulebladen/formuleblad_STA2.pdf, page 6>
Package pdftex.def Info: ../../LaTeX/formulebladen/formuleblad_STA2.pdf , page6 used on input line 18.
(pdftex.def)             Requested size: 597.53416pt x 845.08372pt.


File: ../../LaTeX/formulebladen/formuleblad_STA2.pdf Graphic file (type pdf)
<use ../../LaTeX/formulebladen/formuleblad_STA2.pdf, page 6>
Package pdftex.def Info: ../../LaTeX/formulebladen/formuleblad_STA2.pdf , page6 used on input line 18.
(pdftex.def)             Requested size: 597.53416pt x 845.08372pt.
[8

 <../../LaTeX/formulebladen/formuleblad_STA2.pdf>] (q1.tex
LaTeX Font Info:    Trying to load font information for U+msa on input line 10.
 (C:\Users\Admin\AppData\Local\Programs\MiKTeX\tex/latex/amsfonts\umsa.fd
File: umsa.fd 2013/01/14 v3.01 AMS symbols A
)
LaTeX Font Info:    Trying to load font information for U+msb on input line 10.
 (C:\Users\Admin\AppData\Local\Programs\MiKTeX\tex/latex/amsfonts\umsb.fd
File: umsb.fd 2013/01/14 v3.01 AMS symbols B
)
Package marginnote Info: right page because not two side mode on input line 22.
Package marginnote Info: xpos seems to be \@mn@currxpos  on input line 22.
Package marginnote Info: right page because not two side mode on input line 22.
Package marginnote Info: xpos seems to be \@mn@currxpos  on input line 22.
Package marginnote Info: Margin note 9.3 is on absolute page 9 on input line 22.
Package marginnote Info: right page because not two side mode on input line 22.
Package marginnote Info: xpos seems to be 406.17207pt on input line 22.
Package marginnote Info: Margin note 9.4 is on absolute page 9 on input line 22.
Package marginnote Info: right page because not two side mode on input line 22.
Package marginnote Info: xpos seems to be 421.76007pt on input line 22.
Package marginnote Info: Margin note 9.5 is on absolute page 9 on input line 22.
Package marginnote Info: right page because not two side mode on input line 22.
Package marginnote Info: xpos seems to be 495.69672pt on input line 22.
Package marginnote Info: Margin note 9.6 is on absolute page 9 on input line 49.
Package marginnote Info: right page because not two side mode on input line 49.
Package marginnote Info: xpos seems to be 304.96335pt on input line 49.
Package marginnote Info: Margin note 9.7 is on absolute page 9 on input line 49.
Package marginnote Info: right page because not two side mode on input line 49.
Package marginnote Info: xpos seems to be 374.54488pt on input line 49.
Package marginnote Info: Margin note 9.8 is on absolute page 10 on input line 49.
Package marginnote Info: right page because not two side mode on input line 49.
Package marginnote Info: xpos seems to be 380.02493pt on input line 49.
Package marginnote Info: Margin note 9.9 is on absolute page 10 on input line 49.
Package marginnote Info: right page because not two side mode on input line 49.
Package marginnote Info: xpos seems to be 507.11436pt on input line 49.
Package marginnote Info: right page because not two side mode on input line 49.
Package marginnote Info: xpos seems to be \@mn@currxpos  on input line 49.
Package marginnote Info: Margin note 9.11 is on absolute page 10 on input line 49.
Package marginnote Info: right page because not two side mode on input line 49.
Package marginnote Info: xpos seems to be 307.43034pt on input line 49.
Package marginnote Info: Margin note 9.12 is on absolute page 10 on input line 49.
Package marginnote Info: right page because not two side mode on input line 49.
Package marginnote Info: xpos seems to be 470.63441pt on input line 49.
Package marginnote Info: Margin note 9.13 is on absolute page 10 on input line 49.
Package marginnote Info: right page because not two side mode on input line 49.
Package marginnote Info: xpos seems to be 324.36095pt on input line 49.


[9{C:/Users/Admin/AppData/Local/Programs/MiKTeX/fonts/enc/dvips/base/8r.enc}]
Package marginnote Info: Margin note 10.1 is on absolute page 10 on input line 68.
Package marginnote Info: right page because not two side mode on input line 68.
Package marginnote Info: xpos seems to be 433.27173pt on input line 68.
Package marginnote Info: Margin note 10.2 is on absolute page 10 on input line 68.
Package marginnote Info: right page because not two side mode on input line 68.
Package marginnote Info: xpos seems to be 317.42178pt on input line 68.
Package marginnote Info: Margin note 10.3 is on absolute page 10 on input line 68.
Package marginnote Info: right page because not two side mode on input line 68.
Package marginnote Info: xpos seems to be 301.50696pt on input line 68.
Package marginnote Info: right page because not two side mode on input line 68.
Package marginnote Info: xpos seems to be \@mn@currxpos  on input line 68.
Package marginnote Info: Margin note 10.5 is on absolute page 10 on input line 68.
Package marginnote Info: right page because not two side mode on input line 68.
Package marginnote Info: xpos seems to be 190.11142pt on input line 68.
Package marginnote Info: Margin note 10.6 is on absolute page 10 on input line 68.
Package marginnote Info: right page because not two side mode on input line 68.
Package marginnote Info: xpos seems to be 464.12474pt on input line 68.
) (q2a.tex

[10]
Package marginnote Info: right page because not two side mode on input line 33.
Package marginnote Info: xpos seems to be \@mn@currxpos  on input line 33.
Package marginnote Info: Margin note 11.2 is on absolute page 11 on input line 33.
Package marginnote Info: right page because not two side mode on input line 33.
Package marginnote Info: xpos seems to be 454.61322pt on input line 33.
Package marginnote Info: right page because not two side mode on input line 33.
Package marginnote Info: xpos seems to be \@mn@currxpos  on input line 33.
Package marginnote Info: Margin note 11.4 is on absolute page 11 on input line 33.
Package marginnote Info: right page because not two side mode on input line 33.
Package marginnote Info: xpos seems to be 216.73885pt on input line 33.
Package marginnote Info: right page because not two side mode on input line 33.
Package marginnote Info: xpos seems to be \@mn@currxpos  on input line 33.
Package marginnote Info: Margin note 11.6 is on absolute page 11 on input line 33.
Package marginnote Info: right page because not two side mode on input line 33.
Package marginnote Info: xpos seems to be 392.67691pt on input line 33.
Package marginnote Info: Margin note 11.7 is on absolute page 12 on input line 57.
Package marginnote Info: right page because not two side mode on input line 57.
Package marginnote Info: xpos seems to be 359.76016pt on input line 57.
Package marginnote Info: Margin note 11.8 is on absolute page 12 on input line 57.
Package marginnote Info: right page because not two side mode on input line 57.
Package marginnote Info: xpos seems to be 416.0963pt on input line 57.
Package marginnote Info: Margin note 11.9 is on absolute page 12 on input line 57.
Package marginnote Info: right page because not two side mode on input line 57.
Package marginnote Info: xpos seems to be 503.4394pt on input line 57.
Package marginnote Info: right page because not two side mode on input line 57.
Package marginnote Info: xpos seems to be \@mn@currxpos  on input line 57.
Package marginnote Info: Margin note 11.11 is on absolute page 12 on input line 57.
Package marginnote Info: right page because not two side mode on input line 57.
Package marginnote Info: xpos seems to be 273.41673pt on input line 57.
Package marginnote Info: Margin note 11.12 is on absolute page 12 on input line 57.
Package marginnote Info: right page because not two side mode on input line 57.
Package marginnote Info: xpos seems to be 453.14848pt on input line 57.


[11]
Package marginnote Info: Margin note 12.1 is on absolute page 13 on input line 90.
Package marginnote Info: right page because not two side mode on input line 90.
Package marginnote Info: xpos seems to be 246.90099pt on input line 90.
Package marginnote Info: right page because not two side mode on input line 90.
Package marginnote Info: xpos seems to be \@mn@currxpos  on input line 90.
Package marginnote Info: right page because not two side mode on input line 90.
Package marginnote Info: xpos seems to be \@mn@currxpos  on input line 90.
Package marginnote Info: Margin note 12.4 is on absolute page 13 on input line 90.
Package marginnote Info: right page because not two side mode on input line 90.
Package marginnote Info: xpos seems to be 158.53987pt on input line 90.
Package marginnote Info: Margin note 12.5 is on absolute page 13 on input line 90.
Package marginnote Info: right page because not two side mode on input line 90.
Package marginnote Info: xpos seems to be 217.58032pt on input line 90.
Package marginnote Info: Margin note 12.6 is on absolute page 13 on input line 90.
Package marginnote Info: right page because not two side mode on input line 90.
Package marginnote Info: xpos seems to be 393.996pt on input line 90.
Package marginnote Info: Margin note 12.7 is on absolute page 13 on input line 90.
Package marginnote Info: right page because not two side mode on input line 90.
Package marginnote Info: xpos seems to be 197.61841pt on input line 90.
Package marginnote Info: Margin note 12.8 is on absolute page 13 on input line 90.
Package marginnote Info: right page because not two side mode on input line 90.
Package marginnote Info: xpos seems to be 253.29065pt on input line 90.
Package marginnote Info: Margin note 12.9 is on absolute page 13 on input line 90.
Package marginnote Info: right page because not two side mode on input line 90.
Package marginnote Info: xpos seems to be 500.5784pt on input line 90.
Package marginnote Info: Margin note 12.10 is on absolute page 13 on input line 90.
Package marginnote Info: right page because not two side mode on input line 90.
Package marginnote Info: xpos seems to be 442.0596pt on input line 90.
Package marginnote Info: Margin note 12.11 is on absolute page 13 on input line 90.
Package marginnote Info: right page because not two side mode on input line 90.
Package marginnote Info: xpos seems to be 270.44493pt on input line 90.


[12]
Package marginnote Info: Margin note 13.1 is on absolute page 14 on input line 122.
Package marginnote Info: right page because not two side mode on input line 122.
Package marginnote Info: xpos seems to be 171.10228pt on input line 122.
Package marginnote Info: right page because not two side mode on input line 122.
Package marginnote Info: xpos seems to be \@mn@currxpos  on input line 122.
Package marginnote Info: Margin note 13.3 is on absolute page 14 on input line 122.
Package marginnote Info: right page because not two side mode on input line 122.
Package marginnote Info: xpos seems to be 274.66473pt on input line 122.
Package marginnote Info: Margin note 13.4 is on absolute page 14 on input line 122.
Package marginnote Info: right page because not two side mode on input line 122.
Package marginnote Info: xpos seems to be 388.44136pt on input line 122.
Package marginnote Info: right page because not two side mode on input line 122.
Package marginnote Info: xpos seems to be \@mn@currxpos  on input line 122.
Package marginnote Info: Margin note 13.6 is on absolute page 14 on input line 122.
Package marginnote Info: right page because not two side mode on input line 122.
Package marginnote Info: xpos seems to be 264.39395pt on input line 122.
Package marginnote Info: Margin note 13.7 is on absolute page 14 on input line 122.
Package marginnote Info: right page because not two side mode on input line 122.
Package marginnote Info: xpos seems to be 388.44136pt on input line 122.
Package marginnote Info: Margin note 13.8 is on absolute page 14 on input line 122.
Package marginnote Info: right page because not two side mode on input line 122.
Package marginnote Info: xpos seems to be 222.48886pt on input line 122.


[13]) (q3.tex

[14]
Package marginnote Info: Margin note 15.1 is on absolute page 15 on input line 39.
Package marginnote Info: right page because not two side mode on input line 39.
Package marginnote Info: xpos seems to be 229.01874pt on input line 39.
Package marginnote Info: right page because not two side mode on input line 39.
Package marginnote Info: xpos seems to be \@mn@currxpos  on input line 39.
Package marginnote Info: right page because not two side mode on input line 39.
Package marginnote Info: xpos seems to be \@mn@currxpos  on input line 39.
Package marginnote Info: Margin note 15.4 is on absolute page 15 on input line 39.
Package marginnote Info: right page because not two side mode on input line 39.
Package marginnote Info: xpos seems to be 461.09048pt on input line 39.
Package marginnote Info: Margin note 15.5 is on absolute page 15 on input line 39.
Package marginnote Info: right page because not two side mode on input line 39.
Package marginnote Info: xpos seems to be 475.43051pt on input line 39.

Overfull \hbox (10.12798pt too wide) in paragraph at lines 104--104
 [][] 
 []

Package marginnote Info: Margin note 15.6 is on absolute page 16 on input line 104.
Package marginnote Info: right page because not two side mode on input line 104.
Package marginnote Info: xpos seems to be 524.0427pt on input line 104.
Package marginnote Info: right page because not two side mode on input line 104.
Package marginnote Info: xpos seems to be \@mn@currxpos  on input line 104.
Package marginnote Info: Margin note 15.8 is on absolute page 16 on input line 104.
Package marginnote Info: right page because not two side mode on input line 104.
Package marginnote Info: xpos seems to be 209.37709pt on input line 104.
Package marginnote Info: Margin note 15.9 is on absolute page 16 on input line 104.
Package marginnote Info: right page because not two side mode on input line 104.
Package marginnote Info: xpos seems to be 509.8347pt on input line 104.
Package marginnote Info: Margin note 15.10 is on absolute page 16 on input line 104.
Package marginnote Info: right page because not two side mode on input line 104.
Package marginnote Info: xpos seems to be 473.55418pt on input line 104.
Package marginnote Info: right page because not two side mode on input line 104.
Package marginnote Info: xpos seems to be \@mn@currxpos  on input line 104.
Package marginnote Info: Margin note 15.12 is on absolute page 16 on input line 104.
Package marginnote Info: right page because not two side mode on input line 104.
Package marginnote Info: xpos seems to be 245.11166pt on input line 104.
Package marginnote Info: Margin note 15.13 is on absolute page 17 on input line 104.
Package marginnote Info: right page because not two side mode on input line 104.
Package marginnote Info: xpos seems to be 97.46518pt on input line 104.


[15]

[16]
Package marginnote Info: Margin note 17.1 is on absolute page 17 on input line 114.
Package marginnote Info: right page because not two side mode on input line 114.
Package marginnote Info: xpos seems to be 463.53722pt on input line 114.
Package marginnote Info: Margin note 17.2 is on absolute page 17 on input line 114.
Package marginnote Info: right page because not two side mode on input line 114.
Package marginnote Info: xpos seems to be 437.85678pt on input line 114.
Package marginnote Info: Margin note 17.3 is on absolute page 17 on input line 114.
Package marginnote Info: right page because not two side mode on input line 114.
Package marginnote Info: xpos seems to be 237.78104pt on input line 114.
) (q4.tex

[17]
Package marginnote Info: Margin note 18.1 is on absolute page 18 on input line 22.
Package marginnote Info: right page because not two side mode on input line 22.
Package marginnote Info: xpos seems to be 241.201pt on input line 22.
<C:/Users/Admin/Documents/GitHub/Statistiek/LaTeX/figures/20250725_q4_scatterplot.png, id=285, 514.5624pt x 327.3831pt>
File: C:/Users/Admin/Documents/GitHub/Statistiek/LaTeX/figures/20250725_q4_scatterplot.png Graphic file (type png)
<use C:/Users/Admin/Documents/GitHub/Statistiek/LaTeX/figures/20250725_q4_scatterplot.png>
Package pdftex.def Info: C:/Users/Admin/Documents/GitHub/Statistiek/LaTeX/figures/20250725_q4_scatterplot.png  used on input line 32.
(pdftex.def)             Requested size: 514.56114pt x 327.3823pt.


[18]
Package marginnote Info: Margin note 19.1 is on absolute page 20 on input line 73.
Package marginnote Info: right page because not two side mode on input line 73.
Package marginnote Info: xpos seems to be 498.71722pt on input line 73.
Package marginnote Info: right page because not two side mode on input line 73.
Package marginnote Info: xpos seems to be \@mn@currxpos  on input line 73.
Package marginnote Info: Margin note 19.3 is on absolute page 20 on input line 73.
Package marginnote Info: right page because not two side mode on input line 73.
Package marginnote Info: xpos seems to be 272.84593pt on input line 73.
Package marginnote Info: Margin note 19.4 is on absolute page 20 on input line 73.
Package marginnote Info: right page because not two side mode on input line 73.
Package marginnote Info: xpos seems to be 340.71695pt on input line 73.


[19 <C:/Users/Admin/Documents/GitHub/Statistiek/LaTeX/figures/20250725_q4_scatterplot.png>]
Package marginnote Info: right page because not two side mode on input line 93.
Package marginnote Info: xpos seems to be \@mn@currxpos  on input line 93.
Package marginnote Info: right page because not two side mode on input line 93.
Package marginnote Info: xpos seems to be \@mn@currxpos  on input line 93.
Package marginnote Info: Margin note 20.3 is on absolute page 21 on input line 93.
Package marginnote Info: right page because not two side mode on input line 93.
Package marginnote Info: xpos seems to be 238.35112pt on input line 93.
Package marginnote Info: Margin note 20.4 is on absolute page 21 on input line 93.
Package marginnote Info: right page because not two side mode on input line 93.
Package marginnote Info: xpos seems to be 304.29634pt on input line 93.
Package marginnote Info: Margin note 20.5 is on absolute page 21 on input line 93.
Package marginnote Info: right page because not two side mode on input line 93.
Package marginnote Info: xpos seems to be 504.4227pt on input line 93.
Package marginnote Info: Margin note 20.6 is on absolute page 21 on input line 93.
Package marginnote Info: right page because not two side mode on input line 93.
Package marginnote Info: xpos seems to be 200.83499pt on input line 93.


[20]
Package marginnote Info: right page because not two side mode on input line 128.
Package marginnote Info: xpos seems to be \@mn@currxpos  on input line 128.
Package marginnote Info: Margin note 21.2 is on absolute page 21 on input line 128.
Package marginnote Info: right page because not two side mode on input line 128.
Package marginnote Info: xpos seems to be 197.09044pt on input line 128.
Package marginnote Info: right page because not two side mode on input line 128.
Package marginnote Info: xpos seems to be \@mn@currxpos  on input line 128.
Package marginnote Info: Margin note 21.4 is on absolute page 22 on input line 128.
Package marginnote Info: right page because not two side mode on input line 128.
Package marginnote Info: xpos seems to be 265.78479pt on input line 128.
Package marginnote Info: Margin note 21.5 is on absolute page 22 on input line 128.
Package marginnote Info: right page because not two side mode on input line 128.
Package marginnote Info: xpos seems to be 505.17688pt on input line 128.
Package marginnote Info: right page because not two side mode on input line 128.
Package marginnote Info: xpos seems to be \@mn@currxpos  on input line 128.
Package marginnote Info: Margin note 21.7 is on absolute page 22 on input line 128.
Package marginnote Info: right page because not two side mode on input line 128.
Package marginnote Info: xpos seems to be 276.01129pt on input line 128.


[21])

[22] (exam_20250725.aux)
 ***********
LaTeX2e <2024-06-01> patch level 2
L3 programming layer <2024-05-27>
 ***********
Package rerunfilecheck Info: File `exam_20250725.out' has not changed.
(rerunfilecheck)             Checksum: D41D8CD98F00B204E9800998ECF8427E;0.
 ) 
Here is how much of TeX's memory you used:
 35848 strings out of 473901
 762185 string characters out of 5726389
 1949908 words of memory out of 5000000
 58094 multiletter control sequences out of 15000+600000
 578453 words of font info for 65 fonts, out of 8000000 for 9000
 1141 hyphenation exceptions out of 8191
 128i,19n,129p,628b,1483s stack positions out of 10000i,1000n,20000p,200000b,200000s
<C:/Users/Admin/AppData/Local/Programs/MiKTeX/fonts/type1/bitstrea/charter/bchb8a.pfb><C:/Users/Admin/AppData/Local/Programs/MiKTeX/fonts/type1/bitstrea/charter/bchr8a.pfb><C:/Users/Admin/AppData/Local/Programs/MiKTeX/fonts/type1/bitstrea/charter/bchri8a.pfb><C:/Users/Admin/AppData/Local/Programs/MiKTeX/fonts/type1/public/amsfonts/cm/cmbsy10.pfb><C:/Users/Admin/AppData/Local/Programs/MiKTeX/fonts/type1/public/amsfonts/cm/cmbx10.pfb><C:/Users/Admin/AppData/Local/Programs/MiKTeX/fonts/type1/public/amsfonts/cm/cmbx8.pfb><C:/Users/Admin/AppData/Local/Programs/MiKTeX/fonts/type1/public/amsfonts/cm/cmex10.pfb><C:/Users/Admin/AppData/Local/Programs/MiKTeX/fonts/type1/public/amsfonts/cmextra/cmex8.pfb><C:/Users/Admin/AppData/Local/Programs/MiKTeX/fonts/type1/public/amsfonts/cm/cmmi10.pfb><C:/Users/Admin/AppData/Local/Programs/MiKTeX/fonts/type1/public/amsfonts/cm/cmmi12.pfb><C:/Users/Admin/AppData/Local/Programs/MiKTeX/fonts/type1/public/amsfonts/cm/cmmi6.pfb><C:/Users/Admin/AppData/Local/Programs/MiKTeX/fonts/type1/public/amsfonts/cm/cmmi8.pfb><C:/Users/Admin/AppData/Local/Programs/MiKTeX/fonts/type1/public/amsfonts/cm/cmmib10.pfb><C:/Users/Admin/AppData/Local/Programs/MiKTeX/fonts/type1/public/amsfonts/cm/cmr10.pfb><C:/Users/Admin/AppData/Local/Programs/MiKTeX/fonts/type1/public/amsfonts/cm/cmr12.pfb><C:/Users/Admin/AppData/Local/Programs/MiKTeX/fonts/type1/public/amsfonts/cm/cmr6.pfb><C:/Users/Admin/AppData/Local/Programs/MiKTeX/fonts/type1/public/amsfonts/cm/cmr8.pfb><C:/Users/Admin/AppData/Local/Programs/MiKTeX/fonts/type1/public/amsfonts/cm/cmsy10.pfb><C:/Users/Admin/AppData/Local/Programs/MiKTeX/fonts/type1/public/amsfonts/cm/cmsy6.pfb><C:/Users/Admin/AppData/Local/Programs/MiKTeX/fonts/type1/public/amsfonts/cm/cmsy8.pfb>
Output written on exam_20250725.pdf (22 pages, 583033 bytes).
PDF statistics:
 371 PDF objects out of 1000 (max. 8388607)
 48 named destinations out of 1000 (max. 500000)
 78 words of extra memory for PDF output out of 10000 (max. 10000000)

