This is pdfTeX, Version 3.141592653-2.6-1.40.25 (MiKTeX 24.1) (preloaded format=pdflatex 2024.12.16)  11 MAY 2026 09:27
entering extended mode
 restricted \write18 enabled.
 file:line:error style messages enabled.
 %&-line parsing enabled.
**"c:/Users/danny/Documents/GitHub/Statistiek/examens/STAT_2 2026-05-19/exam_20260519.tex"
(c:/Users/danny/Documents/GitHub/Statistiek/examens/STAT_2 2026-05-19/exam_20260519.tex
LaTeX2e <2023-11-01> patch level 1
L3 programming layer <2024-01-04>
(C:\Users\danny\AppData\Local\Programs\MiKTeX\tex/latex/base\article.cls
Document Class: article 2023/05/17 v1.4n Standard LaTeX document class
(C:\Users\danny\AppData\Local\Programs\MiKTeX\tex/latex/base\size12.clo
File: size12.clo 2023/05/17 v1.4n Standard LaTeX file (size option)
)
\c@part=\count187
\c@section=\count188
\c@subsection=\count189
\c@subsubsection=\count190
\c@paragraph=\count191
\c@subparagraph=\count192
\c@figure=\count193
\c@table=\count194
\abovecaptionskip=\skip48
\belowcaptionskip=\skip49
\bibindent=\dimen140
) (C:\Users\danny\AppData\Local\Programs\MiKTeX\tex/latex/pdfpages\pdfpages.sty
Package: pdfpages 2025/03/12 v0.6f Insert pages of external PDF documents (AM)
 (C:\Users\danny\AppData\Local\Programs\MiKTeX\tex/latex/base\ifthen.sty
Package: ifthen 2022/04/13 v1.1d Standard LaTeX ifthen package (DPC)
) (C:\Users\danny\AppData\Local\Programs\MiKTeX\tex/latex/tools\calc.sty
Package: calc 2023/07/08 v4.3 Infix arithmetic (KKT,FJ)
\calc@Acount=\count195
\calc@Bcount=\count196
\calc@Adimen=\dimen141
\calc@Bdimen=\dimen142
\calc@Askip=\skip50
\calc@Bskip=\skip51
LaTeX Info: Redefining \setlength on input line 80.
LaTeX Info: Redefining \addtolength on input line 81.
\calc@Ccount=\count197
\calc@Cskip=\skip52
) (C:\Users\danny\AppData\Local\Programs\MiKTeX\tex/latex/eso-pic\eso-pic.sty
Package: eso-pic 2023/05/03 v3.0c eso-pic (RN)
\ESO@tempdima=\dimen143
\ESO@tempdimb=\dimen144
 (C:\Users\danny\AppData\Local\Programs\MiKTeX\tex/latex/graphics\keyval.sty
Package: keyval 2022/05/29 v1.15 key=value parser (DPC)
\KV@toks@=\toks17
) (C:\Users\danny\AppData\Local\Programs\MiKTeX\tex/latex/xcolor\xcolor.sty
Package: xcolor 2023/11/15 v3.01 LaTeX color extensions (UK)
 (C:\Users\danny\AppData\Local\Programs\MiKTeX\tex/latex/graphics-cfg\color.cfg
File: color.cfg 2016/01/02 v1.6 sample color configuration
)
Package xcolor Info: Driver file: pdftex.def on input line 274.
 (C:\Users\danny\AppData\Local\Programs\MiKTeX\tex/latex/graphics-def\pdftex.def
File: pdftex.def 2022/09/22 v1.2b Graphics/color driver for pdftex
) (C:\Users\danny\AppData\Local\Programs\MiKTeX\tex/latex/graphics\mathcolor.ltx)
Package xcolor Info: Model `cmy' substituted by `cmy0' on input line 1350.
Package xcolor Info: Model `hsb' substituted by `rgb' on input line 1354.
Package xcolor Info: Model `RGB' extended on input line 1366.
Package xcolor Info: Model `HTML' substituted by `rgb' on input line 1368.
Package xcolor Info: Model `Hsb' substituted by `hsb' on input line 1369.
Package xcolor Info: Model `tHsb' substituted by `hsb' on input line 1370.
Package xcolor Info: Model `HSB' substituted by `hsb' on input line 1371.
Package xcolor Info: Model `Gray' substituted by `gray' on input line 1372.
Package xcolor Info: Model `wave' substituted by `hsb' on input line 1373.
)) (C:\Users\danny\AppData\Local\Programs\MiKTeX\tex/latex/etoolbox\etoolbox.sty
Package: etoolbox 2020/10/05 v2.5k e-TeX tools for LaTeX (JAW)
\etb@tempcnta=\count198
) (C:\Users\danny\AppData\Local\Programs\MiKTeX\tex/latex/graphics\graphicx.sty
Package: graphicx 2021/09/16 v1.2d Enhanced LaTeX Graphics (DPC,SPQR)
 (C:\Users\danny\AppData\Local\Programs\MiKTeX\tex/latex/graphics\graphics.sty
Package: graphics 2022/03/10 v1.4e Standard LaTeX Graphics (DPC,SPQR)
 (C:\Users\danny\AppData\Local\Programs\MiKTeX\tex/latex/graphics\trig.sty
Package: trig 2021/08/11 v1.11 sin cos tan (DPC)
) (C:\Users\danny\AppData\Local\Programs\MiKTeX\tex/latex/graphics-cfg\graphics.cfg
File: graphics.cfg 2016/06/04 v1.11 sample graphics configuration
)
Package graphics Info: Driver file: pdftex.def on input line 107.
)
\Gin@req@height=\dimen145
\Gin@req@width=\dimen146
)
\AM@pagewidth=\dimen147
\AM@pageheight=\dimen148
\AM@fboxrule=\dimen149
 (C:\Users\danny\AppData\Local\Programs\MiKTeX\tex/latex/pdfpages\pppdftex.def
File: pppdftex.def 2025/03/12 v0.6f Pdfpages driver for pdfTeX (AM)
)
\pdfpages@includegraphics@status=\count199
\AM@pagebox=\box51
\AM@global@opts=\toks18
\AM@pagecnt=\count266
\AM@toc@title=\toks19
\AM@lof@heading=\toks20
\c@AM@survey=\count267
\AM@templatesizebox=\box52
) (../../LaTeX/styles/exam_config.sty (../../LaTeX/styles/config.sty (C:\Users\danny\AppData\Local\Programs\MiKTeX\tex/latex/geometry\geometry.sty
Package: geometry 2020/01/02 v5.9 Page Geometry
 (C:\Users\danny\AppData\Local\Programs\MiKTeX\tex/generic/iftex\ifvtex.sty
Package: ifvtex 2019/10/25 v1.7 ifvtex legacy package. Use iftex instead.
 (C:\Users\danny\AppData\Local\Programs\MiKTeX\tex/generic/iftex\iftex.sty
Package: iftex 2022/02/03 v1.0f TeX engine tests
))
\Gm@cnth=\count268
\Gm@cntv=\count269
\c@Gm@tempcnt=\count270
\Gm@bindingoffset=\dimen150
\Gm@wd@mp=\dimen151
\Gm@odd@mp=\dimen152
\Gm@even@mp=\dimen153
\Gm@layoutwidth=\dimen154
\Gm@layoutheight=\dimen155
\Gm@layouthoffset=\dimen156
\Gm@layoutvoffset=\dimen157
\Gm@dimlist=\toks21
 (C:\Users\danny\AppData\Local\Programs\MiKTeX\tex/latex/geometry\geometry.cfg)) (C:\Users\danny\AppData\Local\Programs\MiKTeX\tex/latex/preprint\authblk.sty
Package: authblk 2001/02/27 1.3 (PWD)
\affilsep=\skip53
\@affilsep=\skip54
\c@Maxaffil=\count271
\c@authors=\count272
\c@affil=\count273
) (C:\Users\danny\AppData\Local\Programs\MiKTeX\tex/generic/babel\babel.sty
Package: babel 2024/01/07 v24.1 The Babel package
\babel@savecnt=\count274
\U@D=\dimen158
\l@unhyphenated=\language79
 (C:\Users\danny\AppData\Local\Programs\MiKTeX\tex/generic/babel\txtbabel.def)
\bbl@readstream=\read2
\bbl@dirlevel=\count275

*************************************
* Local config file bblopts.cfg used
*
(C:\Users\danny\AppData\Local\Programs\MiKTeX\tex/latex/arabi\bblopts.cfg
File: bblopts.cfg 2005/09/08 v0.1 add Arabic and Farsi to "declared" options of babel
) (C:\Users\danny\AppData\Local\Programs\MiKTeX\tex/latex/babel-dutch\dutch.ldf
Language: dutch 2021/08/29 v3.8l Dutch support from the babel system
Package babel Info: Making " an active character on input line 127.
)) (C:\Users\danny\AppData\Local\Programs\MiKTeX\tex/generic/babel/locale/nl\babel-dutch.tex
Package babel Info: Importing font and identification data for dutch
(babel)             from babel-nl.ini. Reported on input line 11.
) (C:\Users\danny\AppData\Local\Programs\MiKTeX\tex/latex/base\fontenc.sty
Package: fontenc 2021/04/29 v2.0v Standard LaTeX package
) (C:\Users\danny\AppData\Local\Programs\MiKTeX\tex/latex/url\url.sty
\Urlmuskip=\muskip16
Package: url 2013/09/16  ver 3.4  Verb mode for urls, etc.
) (C:\Users\danny\AppData\Local\Programs\MiKTeX\tex/latex/psnfss\charter.sty
Package: charter 2020/03/25 PSNFSS-v9.3 (P.Dyballa) 
) (C:\Users\danny\AppData\Local\Programs\MiKTeX\tex/latex/cantarell\cantarell.sty
Package: cantarell 2019/06/20 Style file for Cantarell.
 (C:\Users\danny\AppData\Local\Programs\MiKTeX\tex/latex/fontaxes\fontaxes.sty
Package: fontaxes 2020/07/21 v1.0e Font selection axes
LaTeX Info: Redefining \upshape on input line 29.
LaTeX Info: Redefining \itshape on input line 31.
LaTeX Info: Redefining \slshape on input line 33.
LaTeX Info: Redefining \swshape on input line 35.
LaTeX Info: Redefining \scshape on input line 37.
LaTeX Info: Redefining \sscshape on input line 39.
LaTeX Info: Redefining \ulcshape on input line 41.
LaTeX Info: Redefining \textsw on input line 47.
LaTeX Info: Redefining \textssc on input line 48.
LaTeX Info: Redefining \textulc on input line 49.
) (C:\Users\danny\AppData\Local\Programs\MiKTeX\tex/generic/iftex\ifluatex.sty
Package: ifluatex 2019/10/25 v1.5 ifluatex legacy package. Use iftex instead.
) (C:\Users\danny\AppData\Local\Programs\MiKTeX\tex/generic/iftex\ifxetex.sty
Package: ifxetex 2019/10/25 v0.7 ifxetex legacy package. Use iftex instead.
) (C:\Users\danny\AppData\Local\Programs\MiKTeX\tex/latex/xkeyval\xkeyval.sty
Package: xkeyval 2022/06/16 v2.9 package option processing (HA)
 (C:\Users\danny\AppData\Local\Programs\MiKTeX\tex/generic/xkeyval\xkeyval.tex (C:\Users\danny\AppData\Local\Programs\MiKTeX\tex/generic/xkeyval\xkvutils.tex
\XKV@toks=\toks22
\XKV@tempa@toks=\toks23
)
\XKV@depth=\count276
File: xkeyval.tex 2014/12/03 v2.7a key=value parser (HA)
))) (C:\Users\danny\AppData\Local\Programs\MiKTeX\tex/latex/parskip\parskip.sty
Package: parskip 2021-03-14 v2.0h non-zero parskip adjustments
 (C:\Users\danny\AppData\Local\Programs\MiKTeX\tex/latex/kvoptions\kvoptions.sty
Package: kvoptions 2022-06-15 v3.15 Key value format for package options (HO)
 (C:\Users\danny\AppData\Local\Programs\MiKTeX\tex/generic/ltxcmds\ltxcmds.sty
Package: ltxcmds 2023-12-04 v1.26 LaTeX kernel commands for general use (HO)
) (C:\Users\danny\AppData\Local\Programs\MiKTeX\tex/latex/kvsetkeys\kvsetkeys.sty
Package: kvsetkeys 2022-10-05 v1.19 Key value parser (HO)
))) (C:\Users\danny\AppData\Local\Programs\MiKTeX\tex/latex/csquotes\csquotes.sty
Package: csquotes 2024-04-04 v5.2o context-sensitive quotations (JAW)
\csq@reset=\count277
\csq@gtype=\count278
\csq@glevel=\count279
\csq@qlevel=\count280
\csq@maxlvl=\count281
\csq@tshold=\count282
\csq@ltx@everypar=\toks24
 (C:\Users\danny\AppData\Local\Programs\MiKTeX\tex/latex/csquotes\csquotes.def
File: csquotes.def 2024-04-04 v5.2o csquotes generic definitions (JAW)
)
Package csquotes Info: Trying to load configuration file 'csquotes.cfg'...
Package csquotes Info: ... configuration file loaded successfully.
 (C:\Users\danny\AppData\Local\Programs\MiKTeX\tex/latex/csquotes\csquotes.cfg
File: csquotes.cfg 
)) (C:\Users\danny\AppData\Local\Programs\MiKTeX\tex/latex/amsmath\amsmath.sty
Package: amsmath 2023/05/13 v2.17o AMS math features
\@mathmargin=\skip55

For additional information on amsmath, use the `?' option.
(C:\Users\danny\AppData\Local\Programs\MiKTeX\tex/latex/amsmath\amstext.sty
Package: amstext 2021/08/26 v2.01 AMS text
 (C:\Users\danny\AppData\Local\Programs\MiKTeX\tex/latex/amsmath\amsgen.sty
File: amsgen.sty 1999/11/30 v2.0 generic functions
\@emptytoks=\toks25
\ex@=\dimen159
)) (C:\Users\danny\AppData\Local\Programs\MiKTeX\tex/latex/amsmath\amsbsy.sty
Package: amsbsy 1999/11/29 v1.2d Bold Symbols
\pmbraise@=\dimen160
) (C:\Users\danny\AppData\Local\Programs\MiKTeX\tex/latex/amsmath\amsopn.sty
Package: amsopn 2022/04/08 v2.04 operator names
)
\inf@bad=\count283
LaTeX Info: Redefining \frac on input line 234.
\uproot@=\count284
\leftroot@=\count285
LaTeX Info: Redefining \overline on input line 399.
LaTeX Info: Redefining \colon on input line 410.
\classnum@=\count286
\DOTSCASE@=\count287
LaTeX Info: Redefining \ldots on input line 496.
LaTeX Info: Redefining \dots on input line 499.
LaTeX Info: Redefining \cdots on input line 620.
\Mathstrutbox@=\box53
\strutbox@=\box54
LaTeX Info: Redefining \big on input line 722.
LaTeX Info: Redefining \Big on input line 723.
LaTeX Info: Redefining \bigg on input line 724.
LaTeX Info: Redefining \Bigg on input line 725.
\big@size=\dimen161
LaTeX Font Info:    Redeclaring font encoding OML on input line 743.
LaTeX Font Info:    Redeclaring font encoding OMS on input line 744.
\macc@depth=\count288
LaTeX Info: Redefining \bmod on input line 905.
LaTeX Info: Redefining \pmod on input line 910.
LaTeX Info: Redefining \smash on input line 940.
LaTeX Info: Redefining \relbar on input line 970.
LaTeX Info: Redefining \Relbar on input line 971.
\c@MaxMatrixCols=\count289
\dotsspace@=\muskip17
\c@parentequation=\count290
\dspbrk@lvl=\count291
\tag@help=\toks26
\row@=\count292
\column@=\count293
\maxfields@=\count294
\andhelp@=\toks27
\eqnshift@=\dimen162
\alignsep@=\dimen163
\tagshift@=\dimen164
\tagwidth@=\dimen165
\totwidth@=\dimen166
\lineht@=\dimen167
\@envbody=\toks28
\multlinegap=\skip56
\multlinetaggap=\skip57
\mathdisplay@stack=\toks29
LaTeX Info: Redefining \[ on input line 2953.
LaTeX Info: Redefining \] on input line 2954.
) (C:\Users\danny\AppData\Local\Programs\MiKTeX\tex/latex/amsfonts\amssymb.sty
Package: amssymb 2013/01/14 v3.01 AMS font symbols
 (C:\Users\danny\AppData\Local\Programs\MiKTeX\tex/latex/amsfonts\amsfonts.sty
Package: amsfonts 2013/01/14 v3.01 Basic AMSFonts support
\symAMSa=\mathgroup4
\symAMSb=\mathgroup5
LaTeX Font Info:    Redeclaring math symbol \hbar on input line 98.
LaTeX Font Info:    Overwriting math alphabet `\mathfrak' in version `bold'
(Font)                  U/euf/m/n --> U/euf/b/n on input line 106.
)) (C:\Users\danny\AppData\Local\Programs\MiKTeX\tex/latex/amscls\amsthm.sty
Package: amsthm 2020/05/29 v2.20.6
\thm@style=\toks30
\thm@bodyfont=\toks31
\thm@headfont=\toks32
\thm@notefont=\toks33
\thm@headpunct=\toks34
\thm@preskip=\skip58
\thm@postskip=\skip59
\thm@headsep=\skip60
\dth@everypar=\toks35
) (C:\Users\danny\AppData\Local\Programs\MiKTeX\tex/latex/eurosym\eurosym.sty
Package: eurosym 1998/08/06 v1.1 European currency symbol ``Euro''
\@eurobox=\box55
) (C:\Users\danny\AppData\Local\Programs\MiKTeX\tex/latex/mathtools\mathtools.sty
Package: mathtools 2024/10/04 v1.31 mathematical typesetting tools
 (C:\Users\danny\AppData\Local\Programs\MiKTeX\tex/latex/mathtools\mhsetup.sty
Package: mhsetup 2021/03/18 v1.4 programming setup (MH)
)
\g_MT_multlinerow_int=\count295
\l_MT_multwidth_dim=\dimen168
\origjot=\skip61
\l_MT_shortvdotswithinadjustabove_dim=\dimen169
\l_MT_shortvdotswithinadjustbelow_dim=\dimen170
\l_MT_above_intertext_sep=\dimen171
\l_MT_below_intertext_sep=\dimen172
\l_MT_above_shortintertext_sep=\dimen173
\l_MT_below_shortintertext_sep=\dimen174
\xmathstrut@box=\box56
\xmathstrut@dim=\dimen175
) (C:\Users\danny\AppData\Local\Programs\MiKTeX\tex/latex/siunitx\siunitx.sty
Package: siunitx 2025-07-05 v3.4.13 A comprehensive (SI) units package
\l__siunitx_number_uncert_offset_int=\count296
\l__siunitx_number_exponent_fixed_int=\count297
\l__siunitx_number_min_decimal_int=\count298
\l__siunitx_number_min_integer_int=\count299
\l__siunitx_number_round_precision_int=\count300
\l__siunitx_number_lower_threshold_int=\count301
\l__siunitx_number_upper_threshold_int=\count302
\l__siunitx_number_group_first_int=\count303
\l__siunitx_number_group_size_int=\count304
\l__siunitx_number_group_minimum_int=\count305
\l__siunitx_angle_tmp_dim=\dimen176
\l__siunitx_angle_marker_box=\box57
\l__siunitx_angle_unit_box=\box58
\l__siunitx_compound_count_int=\count306
 (C:\Users\danny\AppData\Local\Programs\MiKTeX\tex/latex/translations\translations.sty
Package: translations 2022/02/05 v1.12 internationalization of LaTeX2e packages (CN)
 (C:\Users\danny\AppData\Local\Programs\MiKTeX\tex/generic/pdftexcmds\pdftexcmds.sty
Package: pdftexcmds 2020-06-27 v0.33 Utility functions of pdfTeX for LuaTeX (HO)
 (C:\Users\danny\AppData\Local\Programs\MiKTeX\tex/generic/infwarerr\infwarerr.sty
Package: infwarerr 2019/12/03 v1.5 Providing info/warning/error messages (HO)
)
Package pdftexcmds Info: \pdf@primitive is available.
Package pdftexcmds Info: \pdf@ifprimitive is available.
Package pdftexcmds Info: \pdfdraftmode found.
))
\l__siunitx_table_tmp_box=\box59
\l__siunitx_table_tmp_dim=\dimen177
\l__siunitx_table_column_width_dim=\dimen178
\l__siunitx_table_integer_box=\box60
\l__siunitx_table_decimal_box=\box61
\l__siunitx_table_uncert_box=\box62
\l__siunitx_table_before_box=\box63
\l__siunitx_table_after_box=\box64
\l__siunitx_table_before_dim=\dimen179
\l__siunitx_table_carry_dim=\dimen180
\l__siunitx_unit_tmp_int=\count307
\l__siunitx_unit_position_int=\count308
\l__siunitx_unit_total_int=\count309
 (C:\Users\danny\AppData\Local\Programs\MiKTeX\tex/latex/tools\array.sty
Package: array 2023/10/16 v2.5g Tabular extension package (FMi)
\col@sep=\dimen181
\ar@mcellbox=\box65
\extrarowheight=\dimen182
\NC@list=\toks36
\extratabsurround=\skip62
\backup@length=\skip63
\ar@cellbox=\box66
)) (C:\Users\danny\AppData\Local\Programs\MiKTeX\tex/latex/multirow\bigstrut.sty
Package: bigstrut 2024/11/12 v2.9 Provide larger struts in tabulars
\bigstrutjot=\dimen183
) (C:\Users\danny\AppData\Local\Programs\MiKTeX\tex/latex/blkarray\blkarray.sty
Package: blkarray 2015/02/27 v0.07 Block array (dpc)
\c@BAenumi=\count310
\BA@col=\count311
\BA@block@cnt=\count312
\BA@final@box=\box67
\BA@first@box=\box68
\BA@colsep=\dimen184
\BA@ftn=\toks37
\BAextrarowheight=\dimen185
\BAextraheightafterhline=\dimen186
\BAarrayrulewidth=\dimen187
\BAdoublerulesep=\dimen188
\BAfootskip=\dimen189
\BA@dashbox=\box69
\BA@ddashbox=\box70
) (C:\Users\danny\AppData\Local\Programs\MiKTeX\tex/latex/booktabs\booktabs.sty
Package: booktabs 2020/01/12 v1.61803398 Publication quality tables
\heavyrulewidth=\dimen190
\lightrulewidth=\dimen191
\cmidrulewidth=\dimen192
\belowrulesep=\dimen193
\belowbottomsep=\dimen194
\aboverulesep=\dimen195
\abovetopsep=\dimen196
\cmidrulesep=\dimen197
\cmidrulekern=\dimen198
\defaultaddspace=\dimen199
\@cmidla=\count313
\@cmidlb=\count314
\@aboverulesep=\dimen256
\@belowrulesep=\dimen257
\@thisruleclass=\count315
\@lastruleclass=\count316
\@thisrulewidth=\dimen258
) (C:\Users\danny\AppData\Local\Programs\MiKTeX\tex/latex/enumitem\enumitem.sty
Package: enumitem 2025/02/06 v3.11 Customized lists
\labelindent=\skip64
\enit@outerparindent=\dimen259
\enit@toks=\toks38
\enit@inbox=\box71
\enit@count@id=\count317
\enitdp@description=\count318
) (C:\Users\danny\AppData\Local\Programs\MiKTeX\tex/latex/gauss\gauss.sty
Package: gauss 2003/01/14
\g@trash=\box72
\g@matrixbox=\box73
\g@eastbox=\box74
\g@northbox=\box75
\g@label=\box76
\g@b@tmp=\box77
\g@b@tmpa=\box78
\g@b@tmpb=\box79
\g@maxrow=\count319
\g@maxcol=\count320
\g@maxrow@old=\count321
\g@maxcol@old=\count322
\g@c@tmp=\count323
\g@c@tmpa=\count324
\g@axisHeight=\dimen260
\g@linethickness=\dimen261
\g@tab=\dimen262
\g@arrowht=\dimen263
\g@arrowwd=\dimen264
\g@d@tmp=\dimen265
\g@d@tmpa=\dimen266
\g@d@tmpb=\dimen267
\g@d@tmpc=\dimen268
\g@d@tmpd=\dimen269
\g@d@tmpe=\dimen270
\g@loopCount=\count325
\g@loopEnd=\count326
\g@loopStep=\count327
\colarrowsep=\dimen271
\rowarrowsep=\dimen272
\opskip=\dimen273
\labelskip=\dimen274
\colopminsize=\dimen275
\rowopminsize=\dimen276
) (C:\Users\danny\AppData\Local\Programs\MiKTeX\tex/latex/makecell\makecell.sty
Package: makecell 2009/08/03 V0.1e Managing of Tab Column Heads and Cells
\rotheadsize=\dimen277
\c@nlinenum=\count328
\TeXr@lab=\toks39
) (C:\Users\danny\AppData\Local\Programs\MiKTeX\tex/latex/tools\multicol.sty
Package: multicol 2023/03/30 v1.9f multicolumn formatting (FMi)
\c@tracingmulticols=\count329
\mult@box=\box80
\multicol@leftmargin=\dimen278
\c@unbalance=\count330
\c@collectmore=\count331
\doublecol@number=\count332
\multicoltolerance=\count333
\multicolpretolerance=\count334
\full@width=\dimen279
\page@free=\dimen280
\premulticols=\dimen281
\postmulticols=\dimen282
\multicolsep=\skip65
\multicolbaselineskip=\skip66
\partial@page=\box81
\last@line=\box82
\mc@boxedresult=\box83
\maxbalancingoverflow=\dimen283
\mult@rightbox=\box84
\mult@grightbox=\box85
\mult@firstbox=\box86
\mult@gfirstbox=\box87
\@tempa=\box88
\@tempa=\box89
\@tempa=\box90
\@tempa=\box91
\@tempa=\box92
\@tempa=\box93
\@tempa=\box94
\@tempa=\box95
\@tempa=\box96
\@tempa=\box97
\@tempa=\box98
\@tempa=\box99
\@tempa=\box100
\@tempa=\box101
\@tempa=\box102
\@tempa=\box103
\@tempa=\box104
\@tempa=\box105
\@tempa=\box106
\@tempa=\box107
\@tempa=\box108
\@tempa=\box109
\@tempa=\box110
\@tempa=\box111
\@tempa=\box112
\@tempa=\box113
\@tempa=\box114
\@tempa=\box115
\@tempa=\box116
\@tempa=\box117
\@tempa=\box118
\@tempa=\box119
\@tempa=\box120
\@tempa=\box121
\@tempa=\box122
\@tempa=\box123
\c@minrows=\count335
\c@columnbadness=\count336
\c@finalcolumnbadness=\count337
\last@try=\dimen284
\multicolovershoot=\dimen285
\multicolundershoot=\dimen286
\mult@nat@firstbox=\box124
\colbreak@box=\box125
\mc@col@check@num=\count338
) (C:\Users\danny\AppData\Local\Programs\MiKTeX\tex/latex/multirow\multirow.sty
Package: multirow 2024/11/12 v2.9 Span multiple rows of a table
\multirow@colwidth=\skip67
\multirow@cntb=\count339
\multirow@dima=\skip68
) (C:\Users\danny\AppData\Local\Programs\MiKTeX\tex/latex/tools\tabularx.sty
Package: tabularx 2023/07/08 v2.11c `tabularx' package (DPC)
\TX@col@width=\dimen287
\TX@old@table=\dimen288
\TX@old@col=\dimen289
\TX@target=\dimen290
\TX@delta=\dimen291
\TX@cols=\count340
\TX@ftn=\toks40
) (C:\Users\danny\AppData\Local\Programs\MiKTeX\tex/latex/colortbl\colortbl.sty
Package: colortbl 2024/07/06 v1.0i Color table columns (DPC)
\everycr=\toks41
\minrowclearance=\skip69
\rownum=\count341
) (C:\Users\danny\AppData\Local\Programs\MiKTeX\tex/latex/graphics\dvipsnam.def
File: dvipsnam.def 2016/06/17 v3.0m Driver-dependent file (DPC,SPQR)
) (C:\Users\danny\AppData\Local\Programs\MiKTeX\tex/latex/float\float.sty
Package: float 2001/11/08 v1.3d Float enhancements (AL)
\c@float@type=\count342
\float@exts=\toks42
\float@box=\box126
\@float@everytoks=\toks43
\@floatcapt=\box127
) (C:\Users\danny\AppData\Local\Programs\MiKTeX\tex/latex/tcolorbox\tcolorbox.sty
Package: tcolorbox 2024/01/10 version 6.2.0 text color boxes
 (C:\Users\danny\AppData\Local\Programs\MiKTeX\tex/latex/pgf/basiclayer\pgf.sty (C:\Users\danny\AppData\Local\Programs\MiKTeX\tex/latex/pgf/utilities\pgfrcs.sty (C:\Users\danny\AppData\Local\Programs\MiKTeX\tex/generic/pgf/utilities\pgfutil-common.tex
\pgfutil@everybye=\toks44
\pgfutil@tempdima=\dimen292
\pgfutil@tempdimb=\dimen293
) (C:\Users\danny\AppData\Local\Programs\MiKTeX\tex/generic/pgf/utilities\pgfutil-latex.def
\pgfutil@abb=\box128
) (C:\Users\danny\AppData\Local\Programs\MiKTeX\tex/generic/pgf/utilities\pgfrcs.code.tex (C:\Users\danny\AppData\Local\Programs\MiKTeX\tex/generic/pgf\pgf.revision.tex)
Package: pgfrcs 2023-01-15 v3.1.10 (3.1.10)
))
Package: pgf 2023-01-15 v3.1.10 (3.1.10)
 (C:\Users\danny\AppData\Local\Programs\MiKTeX\tex/latex/pgf/basiclayer\pgfcore.sty (C:\Users\danny\AppData\Local\Programs\MiKTeX\tex/latex/pgf/systemlayer\pgfsys.sty (C:\Users\danny\AppData\Local\Programs\MiKTeX\tex/generic/pgf/systemlayer\pgfsys.code.tex
Package: pgfsys 2023-01-15 v3.1.10 (3.1.10)
 (C:\Users\danny\AppData\Local\Programs\MiKTeX\tex/generic/pgf/utilities\pgfkeys.code.tex
\pgfkeys@pathtoks=\toks45
\pgfkeys@temptoks=\toks46
 (C:\Users\danny\AppData\Local\Programs\MiKTeX\tex/generic/pgf/utilities\pgfkeyslibraryfiltered.code.tex
\pgfkeys@tmptoks=\toks47
))
\pgf@x=\dimen294
\pgf@y=\dimen295
\pgf@xa=\dimen296
\pgf@ya=\dimen297
\pgf@xb=\dimen298
\pgf@yb=\dimen299
\pgf@xc=\dimen300
\pgf@yc=\dimen301
\pgf@xd=\dimen302
\pgf@yd=\dimen303
\w@pgf@writea=\write3
\r@pgf@reada=\read3
\c@pgf@counta=\count343
\c@pgf@countb=\count344
\c@pgf@countc=\count345
\c@pgf@countd=\count346
\t@pgf@toka=\toks48
\t@pgf@tokb=\toks49
\t@pgf@tokc=\toks50
\pgf@sys@id@count=\count347
 (C:\Users\danny\AppData\Local\Programs\MiKTeX\tex/generic/pgf/systemlayer\pgf.cfg
File: pgf.cfg 2023-01-15 v3.1.10 (3.1.10)
)
Driver file for pgf: pgfsys-pdftex.def
 (C:\Users\danny\AppData\Local\Programs\MiKTeX\tex/generic/pgf/systemlayer\pgfsys-pdftex.def
File: pgfsys-pdftex.def 2023-01-15 v3.1.10 (3.1.10)
 (C:\Users\danny\AppData\Local\Programs\MiKTeX\tex/generic/pgf/systemlayer\pgfsys-common-pdf.def
File: pgfsys-common-pdf.def 2023-01-15 v3.1.10 (3.1.10)
))) (C:\Users\danny\AppData\Local\Programs\MiKTeX\tex/generic/pgf/systemlayer\pgfsyssoftpath.code.tex
File: pgfsyssoftpath.code.tex 2023-01-15 v3.1.10 (3.1.10)
\pgfsyssoftpath@smallbuffer@items=\count348
\pgfsyssoftpath@bigbuffer@items=\count349
) (C:\Users\danny\AppData\Local\Programs\MiKTeX\tex/generic/pgf/systemlayer\pgfsysprotocol.code.tex
File: pgfsysprotocol.code.tex 2023-01-15 v3.1.10 (3.1.10)
)) (C:\Users\danny\AppData\Local\Programs\MiKTeX\tex/generic/pgf/basiclayer\pgfcore.code.tex
Package: pgfcore 2023-01-15 v3.1.10 (3.1.10)
 (C:\Users\danny\AppData\Local\Programs\MiKTeX\tex/generic/pgf/math\pgfmath.code.tex (C:\Users\danny\AppData\Local\Programs\MiKTeX\tex/generic/pgf/math\pgfmathutil.code.tex) (C:\Users\danny\AppData\Local\Programs\MiKTeX\tex/generic/pgf/math\pgfmathparser.code.tex
\pgfmath@dimen=\dimen304
\pgfmath@count=\count350
\pgfmath@box=\box129
\pgfmath@toks=\toks51
\pgfmath@stack@operand=\toks52
\pgfmath@stack@operation=\toks53
) (C:\Users\danny\AppData\Local\Programs\MiKTeX\tex/generic/pgf/math\pgfmathfunctions.code.tex) (C:\Users\danny\AppData\Local\Programs\MiKTeX\tex/generic/pgf/math\pgfmathfunctions.basic.code.tex) (C:\Users\danny\AppData\Local\Programs\MiKTeX\tex/generic/pgf/math\pgfmathfunctions.trigonometric.code.tex) (C:\Users\danny\AppData\Local\Programs\MiKTeX\tex/generic/pgf/math\pgfmathfunctions.random.code.tex) (C:\Users\danny\AppData\Local\Programs\MiKTeX\tex/generic/pgf/math\pgfmathfunctions.comparison.code.tex) (C:\Users\danny\AppData\Local\Programs\MiKTeX\tex/generic/pgf/math\pgfmathfunctions.base.code.tex) (C:\Users\danny\AppData\Local\Programs\MiKTeX\tex/generic/pgf/math\pgfmathfunctions.round.code.tex) (C:\Users\danny\AppData\Local\Programs\MiKTeX\tex/generic/pgf/math\pgfmathfunctions.misc.code.tex) (C:\Users\danny\AppData\Local\Programs\MiKTeX\tex/generic/pgf/math\pgfmathfunctions.integerarithmetics.code.tex) (C:\Users\danny\AppData\Local\Programs\MiKTeX\tex/generic/pgf/math\pgfmathcalc.code.tex) (C:\Users\danny\AppData\Local\Programs\MiKTeX\tex/generic/pgf/math\pgfmathfloat.code.tex
\c@pgfmathroundto@lastzeros=\count351
)) (C:\Users\danny\AppData\Local\Programs\MiKTeX\tex/generic/pgf/math\pgfint.code.tex) (C:\Users\danny\AppData\Local\Programs\MiKTeX\tex/generic/pgf/basiclayer\pgfcorepoints.code.tex
File: pgfcorepoints.code.tex 2023-01-15 v3.1.10 (3.1.10)
\pgf@picminx=\dimen305
\pgf@picmaxx=\dimen306
\pgf@picminy=\dimen307
\pgf@picmaxy=\dimen308
\pgf@pathminx=\dimen309
\pgf@pathmaxx=\dimen310
\pgf@pathminy=\dimen311
\pgf@pathmaxy=\dimen312
\pgf@xx=\dimen313
\pgf@xy=\dimen314
\pgf@yx=\dimen315
\pgf@yy=\dimen316
\pgf@zx=\dimen317
\pgf@zy=\dimen318
) (C:\Users\danny\AppData\Local\Programs\MiKTeX\tex/generic/pgf/basiclayer\pgfcorepathconstruct.code.tex
File: pgfcorepathconstruct.code.tex 2023-01-15 v3.1.10 (3.1.10)
\pgf@path@lastx=\dimen319
\pgf@path@lasty=\dimen320
) (C:\Users\danny\AppData\Local\Programs\MiKTeX\tex/generic/pgf/basiclayer\pgfcorepathusage.code.tex
File: pgfcorepathusage.code.tex 2023-01-15 v3.1.10 (3.1.10)
\pgf@shorten@end@additional=\dimen321
\pgf@shorten@start@additional=\dimen322
) (C:\Users\danny\AppData\Local\Programs\MiKTeX\tex/generic/pgf/basiclayer\pgfcorescopes.code.tex
File: pgfcorescopes.code.tex 2023-01-15 v3.1.10 (3.1.10)
\pgfpic=\box130
\pgf@hbox=\box131
\pgf@layerbox@main=\box132
\pgf@picture@serial@count=\count352
) (C:\Users\danny\AppData\Local\Programs\MiKTeX\tex/generic/pgf/basiclayer\pgfcoregraphicstate.code.tex
File: pgfcoregraphicstate.code.tex 2023-01-15 v3.1.10 (3.1.10)
\pgflinewidth=\dimen323
) (C:\Users\danny\AppData\Local\Programs\MiKTeX\tex/generic/pgf/basiclayer\pgfcoretransformations.code.tex
File: pgfcoretransformations.code.tex 2023-01-15 v3.1.10 (3.1.10)
\pgf@pt@x=\dimen324
\pgf@pt@y=\dimen325
\pgf@pt@temp=\dimen326
) (C:\Users\danny\AppData\Local\Programs\MiKTeX\tex/generic/pgf/basiclayer\pgfcorequick.code.tex
File: pgfcorequick.code.tex 2023-01-15 v3.1.10 (3.1.10)
) (C:\Users\danny\AppData\Local\Programs\MiKTeX\tex/generic/pgf/basiclayer\pgfcoreobjects.code.tex
File: pgfcoreobjects.code.tex 2023-01-15 v3.1.10 (3.1.10)
) (C:\Users\danny\AppData\Local\Programs\MiKTeX\tex/generic/pgf/basiclayer\pgfcorepathprocessing.code.tex
File: pgfcorepathprocessing.code.tex 2023-01-15 v3.1.10 (3.1.10)
) (C:\Users\danny\AppData\Local\Programs\MiKTeX\tex/generic/pgf/basiclayer\pgfcorearrows.code.tex
File: pgfcorearrows.code.tex 2023-01-15 v3.1.10 (3.1.10)
\pgfarrowsep=\dimen327
) (C:\Users\danny\AppData\Local\Programs\MiKTeX\tex/generic/pgf/basiclayer\pgfcoreshade.code.tex
File: pgfcoreshade.code.tex 2023-01-15 v3.1.10 (3.1.10)
\pgf@max=\dimen328
\pgf@sys@shading@range@num=\count353
\pgf@shadingcount=\count354
) (C:\Users\danny\AppData\Local\Programs\MiKTeX\tex/generic/pgf/basiclayer\pgfcoreimage.code.tex
File: pgfcoreimage.code.tex 2023-01-15 v3.1.10 (3.1.10)
) (C:\Users\danny\AppData\Local\Programs\MiKTeX\tex/generic/pgf/basiclayer\pgfcoreexternal.code.tex
File: pgfcoreexternal.code.tex 2023-01-15 v3.1.10 (3.1.10)
\pgfexternal@startupbox=\box133
) (C:\Users\danny\AppData\Local\Programs\MiKTeX\tex/generic/pgf/basiclayer\pgfcorelayers.code.tex
File: pgfcorelayers.code.tex 2023-01-15 v3.1.10 (3.1.10)
) (C:\Users\danny\AppData\Local\Programs\MiKTeX\tex/generic/pgf/basiclayer\pgfcoretransparency.code.tex
File: pgfcoretransparency.code.tex 2023-01-15 v3.1.10 (3.1.10)
) (C:\Users\danny\AppData\Local\Programs\MiKTeX\tex/generic/pgf/basiclayer\pgfcorepatterns.code.tex
File: pgfcorepatterns.code.tex 2023-01-15 v3.1.10 (3.1.10)
) (C:\Users\danny\AppData\Local\Programs\MiKTeX\tex/generic/pgf/basiclayer\pgfcorerdf.code.tex
File: pgfcorerdf.code.tex 2023-01-15 v3.1.10 (3.1.10)
))) (C:\Users\danny\AppData\Local\Programs\MiKTeX\tex/generic/pgf/modules\pgfmoduleshapes.code.tex
File: pgfmoduleshapes.code.tex 2023-01-15 v3.1.10 (3.1.10)
\pgfnodeparttextbox=\box134
) (C:\Users\danny\AppData\Local\Programs\MiKTeX\tex/generic/pgf/modules\pgfmoduleplot.code.tex
File: pgfmoduleplot.code.tex 2023-01-15 v3.1.10 (3.1.10)
) (C:\Users\danny\AppData\Local\Programs\MiKTeX\tex/latex/pgf/compatibility\pgfcomp-version-0-65.sty
Package: pgfcomp-version-0-65 2023-01-15 v3.1.10 (3.1.10)
\pgf@nodesepstart=\dimen329
\pgf@nodesepend=\dimen330
) (C:\Users\danny\AppData\Local\Programs\MiKTeX\tex/latex/pgf/compatibility\pgfcomp-version-1-18.sty
Package: pgfcomp-version-1-18 2023-01-15 v3.1.10 (3.1.10)
)) (C:\Users\danny\AppData\Local\Programs\MiKTeX\tex/latex/tools\verbatim.sty
Package: verbatim 2023-11-06 v1.5v LaTeX2e package for verbatim enhancements
\every@verbatim=\toks54
\verbatim@line=\toks55
\verbatim@in@stream=\read4
) (C:\Users\danny\AppData\Local\Programs\MiKTeX\tex/latex/environ\environ.sty
Package: environ 2014/05/04 v0.3 A new way to define environments
 (C:\Users\danny\AppData\Local\Programs\MiKTeX\tex/latex/trimspaces\trimspaces.sty
Package: trimspaces 2009/09/17 v1.1 Trim spaces around a token list
))
\tcb@titlebox=\box135
\tcb@upperbox=\box136
\tcb@lowerbox=\box137
\tcb@phantombox=\box138
\c@tcbbreakpart=\count355
\c@tcblayer=\count356
\c@tcolorbox@number=\count357
\l__tcobox_tmpa_box=\box139
\l__tcobox_tmpa_dim=\dimen331
\tcb@temp=\box140
\tcb@temp=\box141
\tcb@temp=\box142
\tcb@temp=\box143
 (C:\Users\danny\AppData\Local\Programs\MiKTeX\tex/latex/tcolorbox\tcbraster.code.tex
Library (tcolorbox): 'tcbraster.code.tex' version '6.2.0'
\c@tcbrastercolumn=\count358
\c@tcbrasterrow=\count359
\c@tcbrasternum=\count360
\c@tcbraster=\count361
) (C:\Users\danny\AppData\Local\Programs\MiKTeX\tex/latex/tcolorbox\tcbskins.code.tex
Library (tcolorbox): 'tcbskins.code.tex' version '6.2.0'
(C:\Users\danny\AppData\Local\Programs\MiKTeX\tex/latex/pgf/frontendlayer\tikz.sty (C:\Users\danny\AppData\Local\Programs\MiKTeX\tex/latex/pgf/utilities\pgffor.sty (C:\Users\danny\AppData\Local\Programs\MiKTeX\tex/latex/pgf/utilities\pgfkeys.sty (C:\Users\danny\AppData\Local\Programs\MiKTeX\tex/generic/pgf/utilities\pgfkeys.code.tex)) (C:\Users\danny\AppData\Local\Programs\MiKTeX\tex/latex/pgf/math\pgfmath.sty (C:\Users\danny\AppData\Local\Programs\MiKTeX\tex/generic/pgf/math\pgfmath.code.tex)) (C:\Users\danny\AppData\Local\Programs\MiKTeX\tex/generic/pgf/utilities\pgffor.code.tex
Package: pgffor 2023-01-15 v3.1.10 (3.1.10)
\pgffor@iter=\dimen332
\pgffor@skip=\dimen333
\pgffor@stack=\toks56
\pgffor@toks=\toks57
)) (C:\Users\danny\AppData\Local\Programs\MiKTeX\tex/generic/pgf/frontendlayer/tikz\tikz.code.tex
Package: tikz 2023-01-15 v3.1.10 (3.1.10)
 (C:\Users\danny\AppData\Local\Programs\MiKTeX\tex/generic/pgf/libraries\pgflibraryplothandlers.code.tex
File: pgflibraryplothandlers.code.tex 2023-01-15 v3.1.10 (3.1.10)
\pgf@plot@mark@count=\count362
\pgfplotmarksize=\dimen334
)
\tikz@lastx=\dimen335
\tikz@lasty=\dimen336
\tikz@lastxsaved=\dimen337
\tikz@lastysaved=\dimen338
\tikz@lastmovetox=\dimen339
\tikz@lastmovetoy=\dimen340
\tikzleveldistance=\dimen341
\tikzsiblingdistance=\dimen342
\tikz@figbox=\box144
\tikz@figbox@bg=\box145
\tikz@tempbox=\box146
\tikz@tempbox@bg=\box147
\tikztreelevel=\count363
\tikznumberofchildren=\count364
\tikznumberofcurrentchild=\count365
\tikz@fig@count=\count366
 (C:\Users\danny\AppData\Local\Programs\MiKTeX\tex/generic/pgf/modules\pgfmodulematrix.code.tex
File: pgfmodulematrix.code.tex 2023-01-15 v3.1.10 (3.1.10)
\pgfmatrixcurrentrow=\count367
\pgfmatrixcurrentcolumn=\count368
\pgf@matrix@numberofcolumns=\count369
)
\tikz@expandcount=\count370
 (C:\Users\danny\AppData\Local\Programs\MiKTeX\tex/generic/pgf/frontendlayer/tikz/libraries\tikzlibrarytopaths.code.tex
File: tikzlibrarytopaths.code.tex 2023-01-15 v3.1.10 (3.1.10)
))) (C:\Users\danny\AppData\Local\Programs\MiKTeX\tex/latex/tikzfill\tikzfill.image.sty
Package: tikzfill.image 2023/08/08 v1.0.1 Image filling library for TikZ
 (C:\Users\danny\AppData\Local\Programs\MiKTeX\tex/latex/tikzfill\tikzfill-common.sty
Package: tikzfill-common 2023/08/08 v1.0.1 Auxiliary code for tikzfill
) (C:\Users\danny\AppData\Local\Programs\MiKTeX\tex/latex/tikzfill\tikzlibraryfill.image.code.tex
File: tikzlibraryfill.image.code.tex 2023/08/08 v1.0.1 Image filling library
\l__tikzfill_img_box=\box148
)) (C:\Users\danny\AppData\Local\Programs\MiKTeX\tex/latex/tcolorbox\tcbskinsjigsaw.code.tex
Library (tcolorbox): 'tcbskinsjigsaw.code.tex' version '6.2.0'
)) (C:\Users\danny\AppData\Local\Programs\MiKTeX\tex/latex/tcolorbox\tcbbreakable.code.tex
Library (tcolorbox): 'tcbbreakable.code.tex' version '6.2.0'
(C:\Users\danny\AppData\Local\Programs\MiKTeX\tex/latex/pdfcol\pdfcol.sty
Package: pdfcol 2022-09-21 v1.7 Handle new color stacks for pdfTeX (HO)
)
Package pdfcol Info: New color stack `tcb@breakable' = 1 on input line 23.
\tcb@testbox=\box149
\tcb@totalupperbox=\box150
\tcb@totallowerbox=\box151
) (C:\Users\danny\AppData\Local\Programs\MiKTeX\tex/latex/tcolorbox\tcbhooks.code.tex
Library (tcolorbox): 'tcbhooks.code.tex' version '6.2.0'
) (C:\Users\danny\AppData\Local\Programs\MiKTeX\tex/latex/tcolorbox\tcbtheorems.code.tex
Library (tcolorbox): 'tcbtheorems.code.tex' version '6.2.0'
) (C:\Users\danny\AppData\Local\Programs\MiKTeX\tex/latex/tcolorbox\tcbfitting.code.tex
Library (tcolorbox): 'tcbfitting.code.tex' version '6.2.0'
\tcbfitdim=\dimen343
\tcb@lowerfitdim=\dimen344
\tcb@upperfitdim=\dimen345
\tcb@cur@hbadness=\count371
)) (C:\Users\danny\AppData\Local\Programs\MiKTeX\tex/latex/pgfplots\pgfplots.sty (C:\Users\danny\AppData\Local\Programs\MiKTeX\tex/generic/pgfplots\pgfplots.revision.tex)
Package: pgfplots 2021/05/15 v1.18.1 Data Visualization (1.18.1)
 (C:\Users\danny\AppData\Local\Programs\MiKTeX\tex/generic/pgfplots\pgfplots.code.tex (C:\Users\danny\AppData\Local\Programs\MiKTeX\tex/generic/pgfplots\pgfplotscore.code.tex
\t@pgfplots@toka=\toks58
\t@pgfplots@tokb=\toks59
\t@pgfplots@tokc=\toks60
\pgfplots@tmpa=\dimen346
\c@pgfplots@coordindex=\count372
\c@pgfplots@scanlineindex=\count373
 (C:\Users\danny\AppData\Local\Programs\MiKTeX\tex/generic/pgfplots/sys\pgfplotssysgeneric.code.tex)) (C:\Users\danny\AppData\Local\Programs\MiKTeX\tex/generic/pgfplots/libs\pgfplotslibrary.code.tex) (C:\Users\danny\AppData\Local\Programs\MiKTeX\tex/generic/pgfplots/oldpgfcompatib\pgfplotsoldpgfsupp_loader.code.tex (C:\Users\danny\AppData\Local\Programs\MiKTeX\tex/generic/pgf/libraries\pgflibraryfpu.code.tex)
Package pgfplots: loading complementary utilities for your pgf version...
\t@pgf@toka=\toks61
\t@pgf@tokb=\toks62
\t@pgf@tokc=\toks63
(C:\Users\danny\AppData\Local\Programs\MiKTeX\tex/generic/pgfplots/oldpgfcompatib\pgfplotsoldpgfsupp_pgfutil-common-lists.tex)) (C:\Users\danny\AppData\Local\Programs\MiKTeX\tex/generic/pgfplots/util\pgfplotsutil.code.tex (C:\Users\danny\AppData\Local\Programs\MiKTeX\tex/generic/pgfplots/liststructure\pgfplotsliststructure.code.tex) (C:\Users\danny\AppData\Local\Programs\MiKTeX\tex/generic/pgfplots/liststructure\pgfplotsliststructureext.code.tex) (C:\Users\danny\AppData\Local\Programs\MiKTeX\tex/generic/pgfplots/liststructure\pgfplotsarray.code.tex
\c@pgfplotsarray@tmp=\count374
) (C:\Users\danny\AppData\Local\Programs\MiKTeX\tex/generic/pgfplots/liststructure\pgfplotsmatrix.code.tex) (C:\Users\danny\AppData\Local\Programs\MiKTeX\tex/generic/pgfplots/numtable\pgfplotstableshared.code.tex
\c@pgfplotstable@counta=\count375
\t@pgfplotstable@a=\toks64
) (C:\Users\danny\AppData\Local\Programs\MiKTeX\tex/generic/pgfplots/liststructure\pgfplotsdeque.code.tex) (C:\Users\danny\AppData\Local\Programs\MiKTeX\tex/generic/pgfplots/util\pgfplotsbinary.code.tex (C:\Users\danny\AppData\Local\Programs\MiKTeX\tex/generic/pgfplots/util\pgfplotsbinary.data.code.tex)) (C:\Users\danny\AppData\Local\Programs\MiKTeX\tex/generic/pgfplots/util\pgfplotsutil.verb.code.tex) (C:\Users\danny\AppData\Local\Programs\MiKTeX\tex/generic/pgfplots/libs\pgflibrarypgfplots.surfshading.code.tex
\c@pgfplotslibrarysurf@no=\count376
 (C:\Users\danny\AppData\Local\Programs\MiKTeX\tex/generic/pgfplots/sys\pgflibrarypgfplots.surfshading.pgfsys-pdftex.def))) (C:\Users\danny\AppData\Local\Programs\MiKTeX\tex/generic/pgfplots/util\pgfplotscolormap.code.tex (C:\Users\danny\AppData\Local\Programs\MiKTeX\tex/generic/pgfplots/util\pgfplotscolor.code.tex)) (C:\Users\danny\AppData\Local\Programs\MiKTeX\tex/generic/pgfplots\pgfplotsstackedplots.code.tex) (C:\Users\danny\AppData\Local\Programs\MiKTeX\tex/generic/pgfplots\pgfplotsplothandlers.code.tex (C:\Users\danny\AppData\Local\Programs\MiKTeX\tex/generic/pgfplots\pgfplotsmeshplothandler.code.tex (C:\Users\danny\AppData\Local\Programs\MiKTeX\tex/generic/pgfplots\pgfplotsmeshplotimage.code.tex))) (C:\Users\danny\AppData\Local\Programs\MiKTeX\tex/generic/pgfplots\pgfplots.scaling.code.tex) (C:\Users\danny\AppData\Local\Programs\MiKTeX\tex/generic/pgfplots\pgfplotscoordprocessing.code.tex) (C:\Users\danny\AppData\Local\Programs\MiKTeX\tex/generic/pgfplots\pgfplots.errorbars.code.tex) (C:\Users\danny\AppData\Local\Programs\MiKTeX\tex/generic/pgfplots\pgfplots.markers.code.tex) (C:\Users\danny\AppData\Local\Programs\MiKTeX\tex/generic/pgfplots\pgfplotsticks.code.tex) (C:\Users\danny\AppData\Local\Programs\MiKTeX\tex/generic/pgfplots\pgfplots.paths.code.tex) (C:\Users\danny\AppData\Local\Programs\MiKTeX\tex/generic/pgf/frontendlayer/tikz/libraries\tikzlibrarydecorations.code.tex (C:\Users\danny\AppData\Local\Programs\MiKTeX\tex/generic/pgf/modules\pgfmoduledecorations.code.tex
\pgfdecoratedcompleteddistance=\dimen347
\pgfdecoratedremainingdistance=\dimen348
\pgfdecoratedinputsegmentcompleteddistance=\dimen349
\pgfdecoratedinputsegmentremainingdistance=\dimen350
\pgf@decorate@distancetomove=\dimen351
\pgf@decorate@repeatstate=\count377
\pgfdecorationsegmentamplitude=\dimen352
\pgfdecorationsegmentlength=\dimen353
)
\tikz@lib@dec@box=\box152
) (C:\Users\danny\AppData\Local\Programs\MiKTeX\tex/generic/pgf/frontendlayer/tikz/libraries\tikzlibrarydecorations.pathmorphing.code.tex (C:\Users\danny\AppData\Local\Programs\MiKTeX\tex/generic/pgf/libraries/decorations\pgflibrarydecorations.pathmorphing.code.tex)) (C:\Users\danny\AppData\Local\Programs\MiKTeX\tex/generic/pgf/frontendlayer/tikz/libraries\tikzlibrarydecorations.pathreplacing.code.tex (C:\Users\danny\AppData\Local\Programs\MiKTeX\tex/generic/pgf/libraries/decorations\pgflibrarydecorations.pathreplacing.code.tex)) (C:\Users\danny\AppData\Local\Programs\MiKTeX\tex/generic/pgfplots/libs\tikzlibrarypgfplots.contourlua.code.tex)
\pgfplots@numplots=\count378
\pgfplots@xmin@reg=\dimen354
\pgfplots@xmax@reg=\dimen355
\pgfplots@ymin@reg=\dimen356
\pgfplots@ymax@reg=\dimen357
\pgfplots@zmin@reg=\dimen358
\pgfplots@zmax@reg=\dimen359
) (C:\Users\danny\AppData\Local\Programs\MiKTeX\tex/generic/pgf/frontendlayer/tikz/libraries\tikzlibraryplotmarks.code.tex
File: tikzlibraryplotmarks.code.tex 2023-01-15 v3.1.10 (3.1.10)
 (C:\Users\danny\AppData\Local\Programs\MiKTeX\tex/generic/pgf/libraries\pgflibraryplotmarks.code.tex
File: pgflibraryplotmarks.code.tex 2023-01-15 v3.1.10 (3.1.10)
))) (C:\Users\danny\AppData\Local\Programs\MiKTeX\tex/latex/fontawesome\fontawesome.sty
Package: fontawesome 2016/05/15 v4.6.3.1 font awesome icons
 (C:\Users\danny\AppData\Local\Programs\MiKTeX\tex/latex/fontawesome\fontawesomesymbols-generic.tex) (C:\Users\danny\AppData\Local\Programs\MiKTeX\tex/latex/fontawesome\fontawesomesymbols-pdftex.tex)) (C:\Users\danny\AppData\Local\Programs\MiKTeX\tex/latex/hyperref\hyperref.sty
Package: hyperref 2023-11-26 v7.01g Hypertext links for LaTeX
 (C:\Users\danny\AppData\Local\Programs\MiKTeX\tex/generic/kvdefinekeys\kvdefinekeys.sty
Package: kvdefinekeys 2019-12-19 v1.6 Define keys (HO)
) (C:\Users\danny\AppData\Local\Programs\MiKTeX\tex/generic/pdfescape\pdfescape.sty
Package: pdfescape 2019/12/09 v1.15 Implements pdfTeX's escape features (HO)
) (C:\Users\danny\AppData\Local\Programs\MiKTeX\tex/latex/hycolor\hycolor.sty
Package: hycolor 2020-01-27 v1.10 Color options for hyperref/bookmark (HO)
) (C:\Users\danny\AppData\Local\Programs\MiKTeX\tex/latex/letltxmacro\letltxmacro.sty
Package: letltxmacro 2019/12/03 v1.6 Let assignment for LaTeX macros (HO)
) (C:\Users\danny\AppData\Local\Programs\MiKTeX\tex/latex/auxhook\auxhook.sty
Package: auxhook 2019-12-17 v1.6 Hooks for auxiliary files (HO)
) (C:\Users\danny\AppData\Local\Programs\MiKTeX\tex/latex/hyperref\nameref.sty
Package: nameref 2023-11-26 v2.56 Cross-referencing by name of section
 (C:\Users\danny\AppData\Local\Programs\MiKTeX\tex/latex/refcount\refcount.sty
Package: refcount 2019/12/15 v3.6 Data extraction from label references (HO)
) (C:\Users\danny\AppData\Local\Programs\MiKTeX\tex/generic/gettitlestring\gettitlestring.sty
Package: gettitlestring 2019/12/15 v1.6 Cleanup title references (HO)
)
\c@section@level=\count379
)
\@linkdim=\dimen360
\Hy@linkcounter=\count380
\Hy@pagecounter=\count381
 (C:\Users\danny\AppData\Local\Programs\MiKTeX\tex/latex/hyperref\pd1enc.def
File: pd1enc.def 2023-11-26 v7.01g Hyperref: PDFDocEncoding definition (HO)
Now handling font encoding PD1 ...
... no UTF-8 mapping file for font encoding PD1
) (C:\Users\danny\AppData\Local\Programs\MiKTeX\tex/generic/intcalc\intcalc.sty
Package: intcalc 2019/12/15 v1.3 Expandable calculations with integers (HO)
)
\Hy@SavedSpaceFactor=\count382
 (C:\Users\danny\AppData\Local\Programs\MiKTeX\tex/latex/hyperref\puenc.def
File: puenc.def 2023-11-26 v7.01g Hyperref: PDF Unicode definition (HO)
Now handling font encoding PU ...
... no UTF-8 mapping file for font encoding PU
)
Package hyperref Info: Hyper figures OFF on input line 4181.
Package hyperref Info: Link nesting OFF on input line 4186.
Package hyperref Info: Hyper index ON on input line 4189.
Package hyperref Info: Plain pages OFF on input line 4196.
Package hyperref Info: Backreferencing OFF on input line 4201.
Package hyperref Info: Implicit mode ON; LaTeX internals redefined.
Package hyperref Info: Bookmarks ON on input line 4448.
\c@Hy@tempcnt=\count383
LaTeX Info: Redefining \url on input line 4786.
\XeTeXLinkMargin=\dimen361
 (C:\Users\danny\AppData\Local\Programs\MiKTeX\tex/generic/bitset\bitset.sty
Package: bitset 2019/12/09 v1.3 Handle bit-vector datatype (HO)
 (C:\Users\danny\AppData\Local\Programs\MiKTeX\tex/generic/bigintcalc\bigintcalc.sty
Package: bigintcalc 2019/12/15 v1.5 Expandable calculations on big integers (HO)
))
\Fld@menulength=\count384
\Field@Width=\dimen362
\Fld@charsize=\dimen363
Package hyperref Info: Hyper figures OFF on input line 6065.
Package hyperref Info: Link nesting OFF on input line 6070.
Package hyperref Info: Hyper index ON on input line 6073.
Package hyperref Info: backreferencing OFF on input line 6080.
Package hyperref Info: Link coloring OFF on input line 6085.
Package hyperref Info: Link coloring with OCG OFF on input line 6090.
Package hyperref Info: PDF/A mode OFF on input line 6095.
 (C:\Users\danny\AppData\Local\Programs\MiKTeX\tex/latex/base\atbegshi-ltx.sty
Package: atbegshi-ltx 2021/01/10 v1.0c Emulation of the original atbegshi
package with kernel methods
)
\Hy@abspage=\count385
\c@Item=\count386
\c@Hfootnote=\count387
)
Package hyperref Info: Driver (autodetected): hpdftex.
 (C:\Users\danny\AppData\Local\Programs\MiKTeX\tex/latex/hyperref\hpdftex.def
File: hpdftex.def 2023-11-26 v7.01g Hyperref driver for pdfTeX
 (C:\Users\danny\AppData\Local\Programs\MiKTeX\tex/latex/base\atveryend-ltx.sty
Package: atveryend-ltx 2020/08/19 v1.0a Emulation of the original atveryend package
with kernel methods
)
\Fld@listcount=\count388
\c@bookmark@seq@number=\count389
 (C:\Users\danny\AppData\Local\Programs\MiKTeX\tex/latex/rerunfilecheck\rerunfilecheck.sty
Package: rerunfilecheck 2022-07-10 v1.10 Rerun checks for auxiliary files (HO)
 (C:\Users\danny\AppData\Local\Programs\MiKTeX\tex/generic/uniquecounter\uniquecounter.sty
Package: uniquecounter 2019/12/15 v1.4 Provide unlimited unique counter (HO)
)
Package uniquecounter Info: New unique counter `rerunfilecheck' on input line 285.
)
\Hy@SectionHShift=\skip70
) (C:\Users\danny\AppData\Local\Programs\MiKTeX\tex/latex/cleveref\cleveref.sty
Package: cleveref 2018/03/27 v0.21.4 Intelligent cross-referencing
Package cleveref Info: `hyperref' support loaded on input line 2370.
LaTeX Info: Redefining \cref on input line 2370.
LaTeX Info: Redefining \Cref on input line 2370.
LaTeX Info: Redefining \crefrange on input line 2370.
LaTeX Info: Redefining \Crefrange on input line 2370.
LaTeX Info: Redefining \cpageref on input line 2370.
LaTeX Info: Redefining \Cpageref on input line 2370.
LaTeX Info: Redefining \cpagerefrange on input line 2370.
LaTeX Info: Redefining \Cpagerefrange on input line 2370.
LaTeX Info: Redefining \labelcref on input line 2370.
LaTeX Info: Redefining \labelcpageref on input line 2370.
Package cleveref Info: `amsthm' support loaded on input line 3026.
Package cleveref Info: always capitalise cross-reference names on input line 7830.
Package cleveref Info: always capitalise cross-reference names on input line 7852.
) (C:\Users\danny\AppData\Local\Programs\MiKTeX\tex/latex/marginnote\marginnote.sty
Package: marginnote 2018/08/09 1.4b non floating margin notes for LaTeX
\c@mn@abspage=\count390
)
\c@question=\count391
\c@subquestion=\count392
)) (../../LaTeX/styles/statistics-macros.sty)
Package csquotes Info: Checking for multilingual support...
Package csquotes Info: ... found 'babel' package.
Package csquotes Info: Adjusting default style.
Package csquotes Info: Redefining alias 'default' -> 'dutch'.
LaTeX Font Info:    Trying to load font information for T1+bch on input line 12.
 (C:\Users\danny\AppData\Local\Programs\MiKTeX\tex/latex/psnfss\t1bch.fd
File: t1bch.fd 2004/10/18 font definitions for T1/bch.
) (C:\Users\danny\AppData\Local\Programs\MiKTeX\tex/latex/l3backend\l3backend-pdftex.def
File: l3backend-pdftex.def 2024-01-04 L3 backend support: PDF output (pdfTeX)
\l__color_backend_stack_int=\count393
\l__pdf_internal_box=\box153
) (exam_20260519.aux)
\openout1 = `exam_20260519.aux'.

LaTeX Font Info:    Checking defaults for OML/cmm/m/it on input line 12.
LaTeX Font Info:    ... okay on input line 12.
LaTeX Font Info:    Checking defaults for OMS/cmsy/m/n on input line 12.
LaTeX Font Info:    ... okay on input line 12.
LaTeX Font Info:    Checking defaults for OT1/cmr/m/n on input line 12.
LaTeX Font Info:    ... okay on input line 12.
LaTeX Font Info:    Checking defaults for T1/cmr/m/n on input line 12.
LaTeX Font Info:    ... okay on input line 12.
LaTeX Font Info:    Checking defaults for TS1/cmr/m/n on input line 12.
LaTeX Font Info:    ... okay on input line 12.
LaTeX Font Info:    Checking defaults for OMX/cmex/m/n on input line 12.
LaTeX Font Info:    ... okay on input line 12.
LaTeX Font Info:    Checking defaults for U/cmr/m/n on input line 12.
LaTeX Font Info:    ... okay on input line 12.
LaTeX Font Info:    Checking defaults for PD1/pdf/m/n on input line 12.
LaTeX Font Info:    ... okay on input line 12.
LaTeX Font Info:    Checking defaults for PU/pdf/m/n on input line 12.
LaTeX Font Info:    ... okay on input line 12.
 (C:\Users\danny\AppData\Local\Programs\MiKTeX\tex/context/base/mkii\supp-pdf.mkii
[Loading MPS to PDF converter (version 2006.09.02).]
\scratchcounter=\count394
\scratchdimen=\dimen364
\scratchbox=\box154
\nofMPsegments=\count395
\nofMParguments=\count396
\everyMPshowfont=\toks65
\MPscratchCnt=\count397
\MPscratchDim=\dimen365
\MPnumerator=\count398
\makeMPintoPDFobject=\count399
\everyMPtoPDFconversion=\toks66
) (C:\Users\danny\AppData\Local\Programs\MiKTeX\tex/latex/epstopdf-pkg\epstopdf-base.sty
Package: epstopdf-base 2020-01-24 v2.11 Base part for package epstopdf
Package epstopdf-base Info: Redefining graphics rule for `.eps' on input line 485.
 (C:\Users\danny\AppData\Local\Programs\MiKTeX\tex/latex/00miktex\epstopdf-sys.cfg
File: epstopdf-sys.cfg 2021/03/18 v2.0 Configuration of epstopdf for MiKTeX
)) (C:\Users\danny\AppData\Local\Programs\MiKTeX\tex/latex/pdflscape\pdflscape.sty
Package: pdflscape 2022-10-27 v0.13 Display of landscape pages in PDF
 (C:\Users\danny\AppData\Local\Programs\MiKTeX\tex/latex/pdflscape\pdflscape-nometadata.sty
Package: pdflscape-nometadata 2022-10-28 v0.13 Display of landscape pages in PDF (HO)
 (C:\Users\danny\AppData\Local\Programs\MiKTeX\tex/latex/graphics\lscape.sty
Package: lscape 2020/05/28 v3.02 Landscape Pages (DPC)
)
Package pdflscape Info: Auto-detected driver: pdftex on input line 81.
))
*geometry* driver: auto-detecting
*geometry* detected driver: pdftex
*geometry* verbose mode - [ preamble ] result:
* driver: pdftex
* paper: <default>
* layout: <same size as paper>
* layoutoffset:(h,v)=(0.0pt,0.0pt)
* modes: 
* h-part:(L,W,R)=(54.2025pt, 505.89pt, 54.2025pt)
* v-part:(T,H,B)=(54.2025pt, 686.56499pt, 54.2025pt)
* \paperwidth=614.295pt
* \paperheight=794.96999pt
* \textwidth=505.89pt
* \textheight=686.56499pt
* \oddsidemargin=-18.06749pt
* \evensidemargin=-18.06749pt
* \topmargin=-55.06749pt
* \headheight=12.0pt
* \headsep=25.0pt
* \topskip=12.0pt
* \footskip=30.0pt
* \marginparwidth=44.0pt
* \marginparsep=10.0pt
* \columnsep=10.0pt
* \skip\footins=10.8pt plus 4.0pt minus 2.0pt
* \hoffset=0.0pt
* \voffset=0.0pt
* \mag=1000
* \@twocolumnfalse
* \@twosidefalse
* \@mparswitchfalse
* \@reversemarginfalse
* (1in=72.27pt=25.4mm, 1cm=28.453pt)

\c@mv@tabular=\count400
\c@mv@boldtabular=\count401
(C:\Users\danny\AppData\Local\Programs\MiKTeX\tex/latex/translations/dicts\translations-basic-dictionary-dutch.trsl
File: translations-basic-dictionary-dutch.trsl (dutch translation file `translations-basic-dictionary')
)
Package translations Info: loading dictionary `translations-basic-dictionary' for `dutch'. on input line 12.

Package pgfplots notification 'compat/show suggested version=true': document has been generated with the most recent feature set (\pgfplotsset{compat=1.18}).

Package hyperref Info: Link coloring OFF on input line 12.
(exam_20260519.out) (exam_20260519.out)
\@outlinefile=\write4
\openout4 = `exam_20260519.out'.

<../../Python/FMW_titelblad_20260519.pdf, id=6, 845.07718pt x 1194.98447pt>
File: ../../Python/FMW_titelblad_20260519.pdf Graphic file (type pdf)
<use ../../Python/FMW_titelblad_20260519.pdf>
Package pdftex.def Info: ../../Python/FMW_titelblad_20260519.pdf  used on input line 15.
(pdftex.def)             Requested size: 845.07512pt x 1194.98155pt.
<../../Python/FMW_titelblad_20260519.pdf, id=8, page=1, 845.07718pt x 1194.98447pt>
File: ../../Python/FMW_titelblad_20260519.pdf Graphic file (type pdf)
<use ../../Python/FMW_titelblad_20260519.pdf, page 1>
Package pdftex.def Info: ../../Python/FMW_titelblad_20260519.pdf , page1 used on input line 15.
(pdftex.def)             Requested size: 845.07512pt x 1194.98155pt.
File: ../../Python/FMW_titelblad_20260519.pdf Graphic file (type pdf)
<use ../../Python/FMW_titelblad_20260519.pdf, page 1>
Package pdftex.def Info: ../../Python/FMW_titelblad_20260519.pdf , page1 used on input line 15.
(pdftex.def)             Requested size: 562.6527pt x 795.62111pt.
File: ../../Python/FMW_titelblad_20260519.pdf Graphic file (type pdf)
<use ../../Python/FMW_titelblad_20260519.pdf, page 1>
Package pdftex.def Info: ../../Python/FMW_titelblad_20260519.pdf , page1 used on input line 15.
(pdftex.def)             Requested size: 562.6527pt x 795.62111pt.
File: ../../Python/FMW_titelblad_20260519.pdf Graphic file (type pdf)
<use ../../Python/FMW_titelblad_20260519.pdf, page 1>
Package pdftex.def Info: ../../Python/FMW_titelblad_20260519.pdf , page1 used on input line 15.
(pdftex.def)             Requested size: 562.6527pt x 795.62111pt.
File: ../../Python/FMW_titelblad_20260519.pdf Graphic file (type pdf)
<use ../../Python/FMW_titelblad_20260519.pdf, page 1>
Package pdftex.def Info: ../../Python/FMW_titelblad_20260519.pdf , page1 used on input line 15.
(pdftex.def)             Requested size: 562.6527pt x 795.62111pt.
 [1


 <../../Python/FMW_titelblad_20260519.pdf>]
<../../Python/FMW_titelblad_20260519.pdf, id=45, page=2, 845.07718pt x 1194.98447pt>
File: ../../Python/FMW_titelblad_20260519.pdf Graphic file (type pdf)
<use ../../Python/FMW_titelblad_20260519.pdf, page 2>
Package pdftex.def Info: ../../Python/FMW_titelblad_20260519.pdf , page2 used on input line 15.
(pdftex.def)             Requested size: 562.6527pt x 795.62111pt.
File: ../../Python/FMW_titelblad_20260519.pdf Graphic file (type pdf)
<use ../../Python/FMW_titelblad_20260519.pdf, page 2>
Package pdftex.def Info: ../../Python/FMW_titelblad_20260519.pdf , page2 used on input line 15.
(pdftex.def)             Requested size: 562.6527pt x 795.62111pt.
File: ../../Python/FMW_titelblad_20260519.pdf Graphic file (type pdf)
<use ../../Python/FMW_titelblad_20260519.pdf, page 2>
Package pdftex.def Info: ../../Python/FMW_titelblad_20260519.pdf , page2 used on input line 15.
(pdftex.def)             Requested size: 562.6527pt x 795.62111pt.
 [2

 <../../Python/FMW_titelblad_20260519.pdf>]
<../../LaTeX/formulebladen/formuleblad_STA2.pdf, id=58, 597.50829pt x 845.0471pt>
File: ../../LaTeX/formulebladen/formuleblad_STA2.pdf Graphic file (type pdf)
<use ../../LaTeX/formulebladen/formuleblad_STA2.pdf>
Package pdftex.def Info: ../../LaTeX/formulebladen/formuleblad_STA2.pdf  used on input line 16.
(pdftex.def)             Requested size: 597.50682pt x 845.04504pt.
<../../LaTeX/formulebladen/formuleblad_STA2.pdf, id=60, page=1, 597.50829pt x 845.0471pt>
File: ../../LaTeX/formulebladen/formuleblad_STA2.pdf Graphic file (type pdf)
<use ../../LaTeX/formulebladen/formuleblad_STA2.pdf, page 1>
Package pdftex.def Info: ../../LaTeX/formulebladen/formuleblad_STA2.pdf , page1 used on input line 16.
(pdftex.def)             Requested size: 597.50682pt x 845.04504pt.
File: ../../LaTeX/formulebladen/formuleblad_STA2.pdf Graphic file (type pdf)
<use ../../LaTeX/formulebladen/formuleblad_STA2.pdf, page 1>
Package pdftex.def Info: ../../LaTeX/formulebladen/formuleblad_STA2.pdf , page1 used on input line 16.
(pdftex.def)             Requested size: 562.12285pt x 795.00201pt.
File: ../../LaTeX/formulebladen/formuleblad_STA2.pdf Graphic file (type pdf)
<use ../../LaTeX/formulebladen/formuleblad_STA2.pdf, page 1>
Package pdftex.def Info: ../../LaTeX/formulebladen/formuleblad_STA2.pdf , page1 used on input line 16.
(pdftex.def)             Requested size: 562.12285pt x 795.00201pt.
File: ../../LaTeX/formulebladen/formuleblad_STA2.pdf Graphic file (type pdf)
<use ../../LaTeX/formulebladen/formuleblad_STA2.pdf, page 1>
Package pdftex.def Info: ../../LaTeX/formulebladen/formuleblad_STA2.pdf , page1 used on input line 16.
(pdftex.def)             Requested size: 562.12285pt x 795.00201pt.
File: ../../LaTeX/formulebladen/formuleblad_STA2.pdf Graphic file (type pdf)
<use ../../LaTeX/formulebladen/formuleblad_STA2.pdf, page 1>
Package pdftex.def Info: ../../LaTeX/formulebladen/formuleblad_STA2.pdf , page1 used on input line 16.
(pdftex.def)             Requested size: 562.12285pt x 795.00201pt.
 [3

 <../../LaTeX/formulebladen/formuleblad_STA2.pdf{C:/Users/danny/AppData/Local/MiKTeX/fonts/map/pdftex/pdftex.map}>]
<../../LaTeX/formulebladen/formuleblad_STA2.pdf, id=126, page=2, 597.50829pt x 845.0471pt>
File: ../../LaTeX/formulebladen/formuleblad_STA2.pdf Graphic file (type pdf)
<use ../../LaTeX/formulebladen/formuleblad_STA2.pdf, page 2>
Package pdftex.def Info: ../../LaTeX/formulebladen/formuleblad_STA2.pdf , page2 used on input line 16.
(pdftex.def)             Requested size: 562.12285pt x 795.00201pt.
File: ../../LaTeX/formulebladen/formuleblad_STA2.pdf Graphic file (type pdf)
<use ../../LaTeX/formulebladen/formuleblad_STA2.pdf, page 2>
Package pdftex.def Info: ../../LaTeX/formulebladen/formuleblad_STA2.pdf , page2 used on input line 16.
(pdftex.def)             Requested size: 562.12285pt x 795.00201pt.
File: ../../LaTeX/formulebladen/formuleblad_STA2.pdf Graphic file (type pdf)
<use ../../LaTeX/formulebladen/formuleblad_STA2.pdf, page 2>
Package pdftex.def Info: ../../LaTeX/formulebladen/formuleblad_STA2.pdf , page2 used on input line 16.
(pdftex.def)             Requested size: 562.12285pt x 795.00201pt.
 [4

 <../../LaTeX/formulebladen/formuleblad_STA2.pdf>]
<../../LaTeX/formulebladen/formuleblad_STA2.pdf, id=143, page=3, 597.50829pt x 845.0471pt>
File: ../../LaTeX/formulebladen/formuleblad_STA2.pdf Graphic file (type pdf)
<use ../../LaTeX/formulebladen/formuleblad_STA2.pdf, page 3>
Package pdftex.def Info: ../../LaTeX/formulebladen/formuleblad_STA2.pdf , page3 used on input line 16.
(pdftex.def)             Requested size: 562.12285pt x 795.00201pt.
File: ../../LaTeX/formulebladen/formuleblad_STA2.pdf Graphic file (type pdf)
<use ../../LaTeX/formulebladen/formuleblad_STA2.pdf, page 3>
Package pdftex.def Info: ../../LaTeX/formulebladen/formuleblad_STA2.pdf , page3 used on input line 16.
(pdftex.def)             Requested size: 562.12285pt x 795.00201pt.
File: ../../LaTeX/formulebladen/formuleblad_STA2.pdf Graphic file (type pdf)
<use ../../LaTeX/formulebladen/formuleblad_STA2.pdf, page 3>
Package pdftex.def Info: ../../LaTeX/formulebladen/formuleblad_STA2.pdf , page3 used on input line 16.
(pdftex.def)             Requested size: 562.12285pt x 795.00201pt.
 [5

 <../../LaTeX/formulebladen/formuleblad_STA2.pdf>]
<../../LaTeX/formulebladen/formuleblad_STA2.pdf, id=172, page=4, 597.50829pt x 845.0471pt>
File: ../../LaTeX/formulebladen/formuleblad_STA2.pdf Graphic file (type pdf)
<use ../../LaTeX/formulebladen/formuleblad_STA2.pdf, page 4>
Package pdftex.def Info: ../../LaTeX/formulebladen/formuleblad_STA2.pdf , page4 used on input line 16.
(pdftex.def)             Requested size: 562.12285pt x 795.00201pt.
File: ../../LaTeX/formulebladen/formuleblad_STA2.pdf Graphic file (type pdf)
<use ../../LaTeX/formulebladen/formuleblad_STA2.pdf, page 4>
Package pdftex.def Info: ../../LaTeX/formulebladen/formuleblad_STA2.pdf , page4 used on input line 16.
(pdftex.def)             Requested size: 562.12285pt x 795.00201pt.
File: ../../LaTeX/formulebladen/formuleblad_STA2.pdf Graphic file (type pdf)
<use ../../LaTeX/formulebladen/formuleblad_STA2.pdf, page 4>
Package pdftex.def Info: ../../LaTeX/formulebladen/formuleblad_STA2.pdf , page4 used on input line 16.
(pdftex.def)             Requested size: 562.12285pt x 795.00201pt.
 [6

 <../../LaTeX/formulebladen/formuleblad_STA2.pdf>]
<../../LaTeX/formulebladen/formuleblad_STA2.pdf, id=184, page=5, 597.50829pt x 845.0471pt>
File: ../../LaTeX/formulebladen/formuleblad_STA2.pdf Graphic file (type pdf)
<use ../../LaTeX/formulebladen/formuleblad_STA2.pdf, page 5>
Package pdftex.def Info: ../../LaTeX/formulebladen/formuleblad_STA2.pdf , page5 used on input line 16.
(pdftex.def)             Requested size: 562.12285pt x 795.00201pt.
File: ../../LaTeX/formulebladen/formuleblad_STA2.pdf Graphic file (type pdf)
<use ../../LaTeX/formulebladen/formuleblad_STA2.pdf, page 5>
Package pdftex.def Info: ../../LaTeX/formulebladen/formuleblad_STA2.pdf , page5 used on input line 16.
(pdftex.def)             Requested size: 562.12285pt x 795.00201pt.
File: ../../LaTeX/formulebladen/formuleblad_STA2.pdf Graphic file (type pdf)
<use ../../LaTeX/formulebladen/formuleblad_STA2.pdf, page 5>
Package pdftex.def Info: ../../LaTeX/formulebladen/formuleblad_STA2.pdf , page5 used on input line 16.
(pdftex.def)             Requested size: 562.12285pt x 795.00201pt.
 [7

 <../../LaTeX/formulebladen/formuleblad_STA2.pdf>]
<../../LaTeX/formulebladen/formuleblad_STA2.pdf, id=236, page=6, 597.50829pt x 845.0471pt>
File: ../../LaTeX/formulebladen/formuleblad_STA2.pdf Graphic file (type pdf)
<use ../../LaTeX/formulebladen/formuleblad_STA2.pdf, page 6>
Package pdftex.def Info: ../../LaTeX/formulebladen/formuleblad_STA2.pdf , page6 used on input line 16.
(pdftex.def)             Requested size: 562.12285pt x 795.00201pt.
File: ../../LaTeX/formulebladen/formuleblad_STA2.pdf Graphic file (type pdf)
<use ../../LaTeX/formulebladen/formuleblad_STA2.pdf, page 6>
Package pdftex.def Info: ../../LaTeX/formulebladen/formuleblad_STA2.pdf , page6 used on input line 16.
(pdftex.def)             Requested size: 562.12285pt x 795.00201pt.
File: ../../LaTeX/formulebladen/formuleblad_STA2.pdf Graphic file (type pdf)
<use ../../LaTeX/formulebladen/formuleblad_STA2.pdf, page 6>
Package pdftex.def Info: ../../LaTeX/formulebladen/formuleblad_STA2.pdf , page6 used on input line 16.
(pdftex.def)             Requested size: 562.12285pt x 795.00201pt.
 [8

 <../../LaTeX/formulebladen/formuleblad_STA2.pdf>] (q1.tex
LaTeX Font Info:    Trying to load font information for U+msa on input line 15.
 (C:\Users\danny\AppData\Local\Programs\MiKTeX\tex/latex/amsfonts\umsa.fd
File: umsa.fd 2013/01/14 v3.01 AMS symbols A
)
LaTeX Font Info:    Trying to load font information for U+msb on input line 15.
 (C:\Users\danny\AppData\Local\Programs\MiKTeX\tex/latex/amsfonts\umsb.fd
File: umsb.fd 2013/01/14 v3.01 AMS symbols B
)
Package marginnote Info: Margin note 9.1 is on absolute page 9 on input line 23.
Package marginnote Info: right page because not two side mode on input line 23.
Package marginnote Info: xpos seems to be 298.09123pt on input line 23.
Package marginnote Info: Margin note 9.2 is on absolute page 9 on input line 35.
Package marginnote Info: right page because not two side mode on input line 35.
Package marginnote Info: xpos seems to be 476.2637pt on input line 35.
<../../LaTeX/figures/20251113_scatterplot.png, id=247, 518.1759pt x 327.3831pt>
File: ../../LaTeX/figures/20251113_scatterplot.png Graphic file (type png)
<use ../../LaTeX/figures/20251113_scatterplot.png>
Package pdftex.def Info: ../../LaTeX/figures/20251113_scatterplot.png  used on input line 35.
(pdftex.def)             Requested size: 518.17462pt x 327.3823pt.
Package marginnote Info: Margin note 9.3 is on absolute page 10 on input line 35.
Package marginnote Info: right page because not two side mode on input line 35.
Package marginnote Info: xpos seems to be 93.85147pt on input line 35.
 [9{C:/Users/danny/AppData/Local/Programs/MiKTeX/fonts/enc/dvips/base/8r.enc}]
Package marginnote Info: Margin note 10.1 is on absolute page 11 on input line 80.
Package marginnote Info: right page because not two side mode on input line 80.
Package marginnote Info: xpos seems to be 498.41638pt on input line 80.
Package marginnote Info: right page because not two side mode on input line 80.
Package marginnote Info: xpos seems to be \@mn@currxpos  on input line 80.
Package marginnote Info: Margin note 10.3 is on absolute page 11 on input line 80.
Package marginnote Info: right page because not two side mode on input line 80.
Package marginnote Info: xpos seems to be 274.53804pt on input line 80.
Package marginnote Info: Margin note 10.4 is on absolute page 11 on input line 80.
Package marginnote Info: right page because not two side mode on input line 80.
Package marginnote Info: xpos seems to be 307.38866pt on input line 80.
Package marginnote Info: Margin note 10.5 is on absolute page 11 on input line 80.
Package marginnote Info: right page because not two side mode on input line 80.
Package marginnote Info: xpos seems to be 297.04727pt on input line 80.
 [10 <../../LaTeX/figures/20251113_scatterplot.png>]
Package marginnote Info: right page because not two side mode on input line 100.
Package marginnote Info: xpos seems to be \@mn@currxpos  on input line 100.
Package marginnote Info: right page because not two side mode on input line 100.
Package marginnote Info: xpos seems to be \@mn@currxpos  on input line 100.
Package marginnote Info: Margin note 11.3 is on absolute page 12 on input line 100.
Package marginnote Info: right page because not two side mode on input line 100.
Package marginnote Info: xpos seems to be 242.09338pt on input line 100.
Package marginnote Info: Margin note 11.4 is on absolute page 12 on input line 100.
Package marginnote Info: right page because not two side mode on input line 100.
Package marginnote Info: xpos seems to be 311.91357pt on input line 100.
Package marginnote Info: Margin note 11.5 is on absolute page 12 on input line 100.
Package marginnote Info: right page because not two side mode on input line 100.
Package marginnote Info: xpos seems to be 210.84186pt on input line 100.
Package marginnote Info: Margin note 11.6 is on absolute page 12 on input line 100.
Package marginnote Info: right page because not two side mode on input line 100.
Package marginnote Info: xpos seems to be 223.31615pt on input line 100.
 [11]
Package marginnote Info: right page because not two side mode on input line 137.
Package marginnote Info: xpos seems to be \@mn@currxpos  on input line 137.
Package marginnote Info: Margin note 12.2 is on absolute page 12 on input line 137.
Package marginnote Info: right page because not two side mode on input line 137.
Package marginnote Info: xpos seems to be 208.90762pt on input line 137.
Package marginnote Info: right page because not two side mode on input line 137.
Package marginnote Info: xpos seems to be \@mn@currxpos  on input line 137.
Package marginnote Info: Margin note 12.4 is on absolute page 13 on input line 137.
Package marginnote Info: right page because not two side mode on input line 137.
Package marginnote Info: xpos seems to be 279.85654pt on input line 137.
Package marginnote Info: Margin note 12.5 is on absolute page 13 on input line 137.
Package marginnote Info: right page because not two side mode on input line 137.
Package marginnote Info: xpos seems to be 514.50795pt on input line 137.
Package marginnote Info: right page because not two side mode on input line 137.
Package marginnote Info: xpos seems to be \@mn@currxpos  on input line 137.
Package marginnote Info: Margin note 12.7 is on absolute page 13 on input line 137.
Package marginnote Info: right page because not two side mode on input line 137.
Package marginnote Info: xpos seems to be 292.27977pt on input line 137.
Package marginnote Info: Margin note 12.8 is on absolute page 13 on input line 137.
Package marginnote Info: right page because not two side mode on input line 137.
Package marginnote Info: xpos seems to be 414.25116pt on input line 137.
 [12]) (q2.tex [13]
Package marginnote Info: Margin note 14.1 is on absolute page 14 on input line 38.
Package marginnote Info: right page because not two side mode on input line 38.
Package marginnote Info: xpos seems to be 93.85147pt on input line 38.
Package marginnote Info: Margin note 14.2 is on absolute page 14 on input line 38.
Package marginnote Info: right page because not two side mode on input line 38.
Package marginnote Info: xpos seems to be 406.16455pt on input line 38.
Package marginnote Info: Margin note 14.3 is on absolute page 15 on input line 38.
Package marginnote Info: right page because not two side mode on input line 38.
Package marginnote Info: xpos seems to be 404.61656pt on input line 38.
 [14]
Package marginnote Info: Margin note 15.1 is on absolute page 15 on input line 73.
Package marginnote Info: right page because not two side mode on input line 73.
Package marginnote Info: xpos seems to be 449.94579pt on input line 73.
Package marginnote Info: right page because not two side mode on input line 73.
Package marginnote Info: xpos seems to be \@mn@currxpos  on input line 73.
Package marginnote Info: Margin note 15.3 is on absolute page 15 on input line 73.
Package marginnote Info: right page because not two side mode on input line 73.
Package marginnote Info: xpos seems to be 218.77065pt on input line 73.
Package marginnote Info: Margin note 15.4 is on absolute page 15 on input line 86.
Package marginnote Info: right page because not two side mode on input line 86.
Package marginnote Info: xpos seems to be 478.06258pt on input line 86.
Package marginnote Info: Margin note 15.5 is on absolute page 16 on input line 86.
Package marginnote Info: right page because not two side mode on input line 86.
Package marginnote Info: xpos seems to be 373.29074pt on input line 86.
Package marginnote Info: right page because not two side mode on input line 86.
Package marginnote Info: xpos seems to be \@mn@currxpos  on input line 86.
Package marginnote Info: Margin note 15.7 is on absolute page 16 on input line 86.
Package marginnote Info: right page because not two side mode on input line 86.
Package marginnote Info: xpos seems to be 296.64963pt on input line 86.
 [15]
Package marginnote Info: Margin note 16.1 is on absolute page 16 on input line 97.
Package marginnote Info: right page because not two side mode on input line 97.
Package marginnote Info: xpos seems to be 231.61594pt on input line 97.
Package marginnote Info: Margin note 16.2 is on absolute page 16 on input line 97.
Package marginnote Info: right page because not two side mode on input line 97.
Package marginnote Info: xpos seems to be 501.35902pt on input line 97.
Package marginnote Info: Margin note 16.3 is on absolute page 16 on input line 97.
Package marginnote Info: right page because not two side mode on input line 97.
Package marginnote Info: xpos seems to be 482.003pt on input line 97.

Overfull \hbox (29.0154pt too wide) in paragraph at lines 103--104
\T1/bch/m/n/12 baar-heids-in-ter-val voor deze de-tec-tie-kans con-stru-e-ren. Be-re-ken een $\OT1/cmr/m/n/12 95$$%$\T1/bch/m/n/12 -betrouwbaarheidsinterval
 []

Package marginnote Info: right page because not two side mode on input line 137.
Package marginnote Info: xpos seems to be \@mn@currxpos  on input line 137.
Package marginnote Info: Margin note 16.5 is on absolute page 16 on input line 137.
Package marginnote Info: right page because not two side mode on input line 137.
Package marginnote Info: xpos seems to be 446.85448pt on input line 137.
Package marginnote Info: right page because not two side mode on input line 137.
Package marginnote Info: xpos seems to be \@mn@currxpos  on input line 137.
Package marginnote Info: Margin note 16.7 is on absolute page 17 on input line 137.
Package marginnote Info: right page because not two side mode on input line 137.
Package marginnote Info: xpos seems to be 275.18338pt on input line 137.
Package marginnote Info: Margin note 16.8 is on absolute page 17 on input line 137.
Package marginnote Info: right page because not two side mode on input line 137.
Package marginnote Info: xpos seems to be 382.82768pt on input line 137.
Package marginnote Info: right page because not two side mode on input line 137.
Package marginnote Info: xpos seems to be \@mn@currxpos  on input line 137.
Package marginnote Info: Margin note 16.10 is on absolute page 17 on input line 137.
Package marginnote Info: right page because not two side mode on input line 137.
Package marginnote Info: xpos seems to be 264.91261pt on input line 137.
Package marginnote Info: Margin note 16.11 is on absolute page 17 on input line 137.
Package marginnote Info: right page because not two side mode on input line 137.
Package marginnote Info: xpos seems to be 382.82768pt on input line 137.
Package marginnote Info: Margin note 16.12 is on absolute page 17 on input line 137.
Package marginnote Info: right page because not two side mode on input line 137.
Package marginnote Info: xpos seems to be 394.20386pt on input line 137.
Package marginnote Info: Margin note 16.13 is on absolute page 17 on input line 137.
Package marginnote Info: right page because not two side mode on input line 137.
Package marginnote Info: xpos seems to be 124.86934pt on input line 137.
[16]) (q3.tex [17]
Package marginnote Info: right page because not two side mode on input line 57.
Package marginnote Info: xpos seems to be \@mn@currxpos  on input line 57.
Package marginnote Info: Margin note 18.2 is on absolute page 18 on input line 57.
Package marginnote Info: right page because not two side mode on input line 57.
Package marginnote Info: xpos seems to be 472.02747pt on input line 57.
Package marginnote Info: right page because not two side mode on input line 57.
Package marginnote Info: xpos seems to be \@mn@currxpos  on input line 57.
Package marginnote Info: Margin note 18.4 is on absolute page 18 on input line 57.
Package marginnote Info: right page because not two side mode on input line 57.
Package marginnote Info: xpos seems to be 238.58577pt on input line 57.
Package marginnote Info: right page because not two side mode on input line 57.
Package marginnote Info: xpos seems to be \@mn@currxpos  on input line 57.
Package marginnote Info: Margin note 18.6 is on absolute page 19 on input line 57.
Package marginnote Info: right page because not two side mode on input line 57.
Package marginnote Info: xpos seems to be 470.34688pt on input line 57.
Package marginnote Info: right page because not two side mode on input line 57.
Package marginnote Info: xpos seems to be \@mn@currxpos  on input line 57.
Package marginnote Info: Margin note 18.8 is on absolute page 19 on input line 57.
Package marginnote Info: right page because not two side mode on input line 57.
Package marginnote Info: xpos seems to be 238.18578pt on input line 57.
 [18]
Package marginnote Info: right page because not two side mode on input line 93.
Package marginnote Info: xpos seems to be \@mn@currxpos  on input line 93.
Package marginnote Info: Margin note 19.2 is on absolute page 19 on input line 93.
Package marginnote Info: right page because not two side mode on input line 93.
Package marginnote Info: xpos seems to be 359.65187pt on input line 93.
Package marginnote Info: Margin note 19.3 is on absolute page 19 on input line 93.
Package marginnote Info: right page because not two side mode on input line 93.
Package marginnote Info: xpos seems to be 462.28514pt on input line 93.
Package marginnote Info: Margin note 19.4 is on absolute page 19 on input line 93.
Package marginnote Info: right page because not two side mode on input line 93.
Package marginnote Info: xpos seems to be 395.7624pt on input line 93.
Package marginnote Info: right page because not two side mode on input line 93.
Package marginnote Info: xpos seems to be \@mn@currxpos  on input line 93.
Package marginnote Info: Margin note 19.6 is on absolute page 20 on input line 93.
Package marginnote Info: right page because not two side mode on input line 93.
Package marginnote Info: xpos seems to be 522.61964pt on input line 93.
Package marginnote Info: Margin note 19.7 is on absolute page 20 on input line 93.
Package marginnote Info: right page because not two side mode on input line 93.
Package marginnote Info: xpos seems to be 388.77754pt on input line 93.
Package marginnote Info: Margin note 19.8 is on absolute page 20 on input line 93.
Package marginnote Info: right page because not two side mode on input line 93.
Package marginnote Info: xpos seems to be 93.85147pt on input line 93.
Package marginnote Info: Margin note 19.9 is on absolute page 20 on input line 93.
Package marginnote Info: right page because not two side mode on input line 93.
Package marginnote Info: xpos seems to be 224.26736pt on input line 93.
 [19]
Package marginnote Info: right page because not two side mode on input line 130.
Package marginnote Info: xpos seems to be \@mn@currxpos  on input line 130.
Package marginnote Info: Margin note 20.2 is on absolute page 20 on input line 130.
Package marginnote Info: right page because not two side mode on input line 130.
Package marginnote Info: xpos seems to be 421.84406pt on input line 130.
Package marginnote Info: Margin note 20.3 is on absolute page 20 on input line 130.
Package marginnote Info: right page because not two side mode on input line 130.
Package marginnote Info: xpos seems to be 331.57423pt on input line 130.
Package marginnote Info: right page because not two side mode on input line 130.
Package marginnote Info: xpos seems to be \@mn@currxpos  on input line 130.
Package marginnote Info: Margin note 20.5 is on absolute page 20 on input line 130.
Package marginnote Info: right page because not two side mode on input line 130.
Package marginnote Info: xpos seems to be 509.1258pt on input line 130.
Package marginnote Info: Margin note 20.6 is on absolute page 21 on input line 130.
Package marginnote Info: right page because not two side mode on input line 130.
Package marginnote Info: xpos seems to be 403.806pt on input line 130.
Package marginnote Info: right page because not two side mode on input line 130.
Package marginnote Info: xpos seems to be \@mn@currxpos  on input line 130.
Package marginnote Info: Margin note 20.8 is on absolute page 21 on input line 130.
Package marginnote Info: right page because not two side mode on input line 130.
Package marginnote Info: xpos seems to be 271.68741pt on input line 130.
Package marginnote Info: Margin note 20.9 is on absolute page 21 on input line 130.
Package marginnote Info: right page because not two side mode on input line 130.
Package marginnote Info: xpos seems to be 165.80339pt on input line 130.
Package marginnote Info: Margin note 20.10 is on absolute page 21 on input line 130.
Package marginnote Info: right page because not two side mode on input line 130.
Package marginnote Info: xpos seems to be 532.16304pt on input line 130.
 [20]) (q4.tex [21]
Package marginnote Info: Margin note 22.1 is on absolute page 22 on input line 21.
Package marginnote Info: right page because not two side mode on input line 21.
Package marginnote Info: xpos seems to be 315.33388pt on input line 21.
Package marginnote Info: Margin note 22.2 is on absolute page 22 on input line 21.
Package marginnote Info: right page because not two side mode on input line 21.
Package marginnote Info: xpos seems to be 294.65793pt on input line 21.
Package marginnote Info: Margin note 22.3 is on absolute page 22 on input line 41.
Package marginnote Info: right page because not two side mode on input line 41.
Package marginnote Info: xpos seems to be 521.72754pt on input line 41.
Package marginnote Info: Margin note 22.4 is on absolute page 23 on input line 41.
Package marginnote Info: right page because not two side mode on input line 41.
Package marginnote Info: xpos seems to be 196.55615pt on input line 41.
Package marginnote Info: Margin note 22.5 is on absolute page 23 on input line 41.
Package marginnote Info: right page because not two side mode on input line 41.
Package marginnote Info: xpos seems to be 508.63301pt on input line 41.
Package marginnote Info: right page because not two side mode on input line 41.
Package marginnote Info: xpos seems to be \@mn@currxpos  on input line 41.
Package marginnote Info: Margin note 22.7 is on absolute page 23 on input line 41.
Package marginnote Info: right page because not two side mode on input line 41.
Package marginnote Info: xpos seems to be 330.87091pt on input line 41.
 [22]
Package marginnote Info: Margin note 23.1 is on absolute page 23 on input line 52.
Package marginnote Info: right page because not two side mode on input line 52.
Package marginnote Info: xpos seems to be 491.59189pt on input line 52.
Package marginnote Info: Margin note 23.2 is on absolute page 23 on input line 52.
Package marginnote Info: right page because not two side mode on input line 52.
Package marginnote Info: xpos seems to be 311.83426pt on input line 52.
Package marginnote Info: Margin note 23.3 is on absolute page 23 on input line 52.
Package marginnote Info: right page because not two side mode on input line 52.
Package marginnote Info: xpos seems to be 339.73232pt on input line 52.
Package marginnote Info: Margin note 23.4 is on absolute page 23 on input line 52.
Package marginnote Info: right page because not two side mode on input line 52.
Package marginnote Info: xpos seems to be 192.0953pt on input line 52.
Package marginnote Info: Margin note 23.5 is on absolute page 24 on input line 75.
Package marginnote Info: right page because not two side mode on input line 75.
Package marginnote Info: xpos seems to be 544.44353pt on input line 75.
Package marginnote Info: right page because not two side mode on input line 75.
Package marginnote Info: xpos seems to be \@mn@currxpos  on input line 75.
Package marginnote Info: Margin note 23.7 is on absolute page 24 on input line 75.
Package marginnote Info: right page because not two side mode on input line 75.
Package marginnote Info: xpos seems to be 371.43387pt on input line 75.
Package marginnote Info: Margin note 23.8 is on absolute page 24 on input line 75.
Package marginnote Info: right page because not two side mode on input line 75.
Package marginnote Info: xpos seems to be 138.6353pt on input line 75.
Package marginnote Info: Margin note 23.9 is on absolute page 24 on input line 75.
Package marginnote Info: right page because not two side mode on input line 75.
Package marginnote Info: xpos seems to be 345.39066pt on input line 75.
Package marginnote Info: Margin note 23.10 is on absolute page 24 on input line 75.
Package marginnote Info: right page because not two side mode on input line 75.
Package marginnote Info: xpos seems to be 136.82344pt on input line 75.
 [23]) [24] (exam_20260519.aux)
 ***********
LaTeX2e <2023-11-01> patch level 1
L3 programming layer <2024-01-04>
 ***********
Package rerunfilecheck Info: File `exam_20260519.out' has not changed.
(rerunfilecheck)             Checksum: D41D8CD98F00B204E9800998ECF8427E;0.
 ) 
Here is how much of TeX's memory you used:
 47782 strings out of 474486
 1129517 string characters out of 5743754
 1947542 words of memory out of 5000000
 69288 multiletter control sequences out of 15000+600000
 585137 words of font info for 76 fonts, out of 8000000 for 9000
 1141 hyphenation exceptions out of 8191
 119i,19n,122p,856b,1637s stack positions out of 10000i,1000n,20000p,200000b,200000s
<C:/Users/danny/AppData/Local/Programs/MiKTeX/fonts/type1/bitstrea/charter/bchb8a.pfb><C:/Users/danny/AppData/Local/Programs/MiKTeX/fonts/type1/bitstrea/charter/bchr8a.pfb><C:/Users/danny/AppData/Local/Programs/MiKTeX/fonts/type1/bitstrea/charter/bchri8a.pfb><C:/Users/danny/AppData/Local/Programs/MiKTeX/fonts/type1/public/amsfonts/cm/cmbsy10.pfb><C:/Users/danny/AppData/Local/Programs/MiKTeX/fonts/type1/public/amsfonts/cm/cmbx10.pfb><C:/Users/danny/AppData/Local/Programs/MiKTeX/fonts/type1/public/amsfonts/cm/cmbx7.pfb><C:/Users/danny/AppData/Local/Programs/MiKTeX/fonts/type1/public/amsfonts/cm/cmex10.pfb><C:/Users/danny/AppData/Local/Programs/MiKTeX/fonts/type1/public/amsfonts/cmextra/cmex7.pfb><C:/Users/danny/AppData/Local/Programs/MiKTeX/fonts/type1/public/amsfonts/cm/cmmi10.pfb><C:/Users/danny/AppData/Local/Programs/MiKTeX/fonts/type1/public/amsfonts/cm/cmmi12.pfb><C:/Users/danny/AppData/Local/Programs/MiKTeX/fonts/type1/public/amsfonts/cm/cmmi5.pfb><C:/Users/danny/AppData/Local/Programs/MiKTeX/fonts/type1/public/amsfonts/cm/cmmi6.pfb><C:/Users/danny/AppData/Local/Programs/MiKTeX/fonts/type1/public/amsfonts/cm/cmmi7.pfb><C:/Users/danny/AppData/Local/Programs/MiKTeX/fonts/type1/public/amsfonts/cm/cmmi8.pfb><C:/Users/danny/AppData/Local/Programs/MiKTeX/fonts/type1/public/amsfonts/cm/cmmib10.pfb><C:/Users/danny/AppData/Local/Programs/MiKTeX/fonts/type1/public/amsfonts/cm/cmr10.pfb><C:/Users/danny/AppData/Local/Programs/MiKTeX/fonts/type1/public/amsfonts/cm/cmr12.pfb><C:/Users/danny/AppData/Local/Programs/MiKTeX/fonts/type1/public/amsfonts/cm/cmr5.pfb><C:/Users/danny/AppData/Local/Programs/MiKTeX/fonts/type1/public/amsfonts/cm/cmr6.pfb><C:/Users/danny/AppData/Local/Programs/MiKTeX/fonts/type1/public/amsfonts/cm/cmr7.pfb><C:/Users/danny/AppData/Local/Programs/MiKTeX/fonts/type1/public/amsfonts/cm/cmr8.pfb><C:/Users/danny/AppData/Local/Programs/MiKTeX/fonts/type1/public/amsfonts/cm/cmsy10.pfb><C:/Users/danny/AppData/Local/Programs/MiKTeX/fonts/type1/public/amsfonts/cm/cmsy5.pfb><C:/Users/danny/AppData/Local/Programs/MiKTeX/fonts/type1/public/amsfonts/cm/cmsy7.pfb><C:/Users/danny/AppData/Local/Programs/MiKTeX/fonts/type1/public/amsfonts/cm/cmsy8.pfb>
Output written on exam_20260519.pdf (24 pages, 676864 bytes).
PDF statistics:
 427 PDF objects out of 1000 (max. 8388607)
 48 named destinations out of 1000 (max. 500000)
 78 words of extra memory for PDF output out of 10000 (max. 10000000)

